Jun-20 22:11:43.263 [main] DEBUG nextflow.cli.Launcher - $> nextflow -log /g/strcombio/fsupek_data/users/malvarez/projects/RepDefSig/models/model_MMR_poster/2_signature_extraction_and_plotting/1_QC/trinuc_proportions_unmatched_feature_tracks/log/nextflow.log run pipe.nf --dnarep_marks /g/strcombio/fsupek_data/users/malvarez/projects/RepDefSig/models/model_MMR_poster/2_signature_extraction_and_plotting/1_QC/trinuc_proportions_unmatched_feature_tracks/input_lists/dnarep_marks.csv --chromatin_features /g/strcombio/fsupek_data/users/malvarez/projects/RepDefSig/models/model_MMR_poster/2_signature_extraction_and_plotting/1_QC/trinuc_proportions_unmatched_feature_tracks/input_lists/chromatin_features.csv --good_mappability_regions /g/strcombio/fsupek_home/mmunteanu/reference/CRG75_nochr.bed --utils /g/strcombio/fsupek_data/users/malvarez/projects/RepDefSig/bin/utils.R --memory_process1 13 --memory_process2 30 --memory_process3 80 --memory_process4 15 -resume
Jun-20 22:11:43.408 [main] INFO  nextflow.cli.CmdRun - N E X T F L O W  ~  version 22.10.6
Jun-20 22:11:43.436 [main] DEBUG nextflow.plugin.PluginsFacade - Setting up plugin manager > mode=prod; embedded=false; plugins-dir=/home/malvarez/.nextflow/plugins; core-plugins: nf-amazon@1.11.3,nf-azure@0.14.2,nf-codecommit@0.1.2,nf-console@1.0.4,nf-ga4gh@1.0.4,nf-google@1.4.5,nf-tower@1.5.6,nf-wave@0.5.3
Jun-20 22:11:43.467 [main] INFO  org.pf4j.DefaultPluginStatusProvider - Enabled plugins: []
Jun-20 22:11:43.468 [main] INFO  org.pf4j.DefaultPluginStatusProvider - Disabled plugins: []
Jun-20 22:11:43.472 [main] INFO  org.pf4j.DefaultPluginManager - PF4J version 3.4.1 in 'deployment' mode
Jun-20 22:11:43.485 [main] INFO  org.pf4j.AbstractPluginManager - No plugins
Jun-20 22:11:43.507 [main] DEBUG nextflow.config.ConfigBuilder - Found config local: /g/strcombio/fsupek_data/users/malvarez/projects/RepDefSig/models/model_MMR_poster/2_signature_extraction_and_plotting/1_QC/trinuc_proportions_unmatched_feature_tracks/nextflow.config
Jun-20 22:11:43.508 [main] DEBUG nextflow.config.ConfigBuilder - Parsing config file: /g/strcombio/fsupek_data/users/malvarez/projects/RepDefSig/models/model_MMR_poster/2_signature_extraction_and_plotting/1_QC/trinuc_proportions_unmatched_feature_tracks/nextflow.config
Jun-20 22:11:43.538 [main] DEBUG nextflow.config.ConfigBuilder - Applying config profile: `standard`
Jun-20 22:11:44.282 [main] DEBUG nextflow.cli.CmdRun - Applied DSL=1 by probing script field
Jun-20 22:11:44.305 [main] INFO  nextflow.cli.CmdRun - Launching `pipe.nf` [golden_austin] DSL1 - revision: 11550b6ddb
Jun-20 22:11:44.305 [main] DEBUG nextflow.plugin.PluginsFacade - Plugins default=[]
Jun-20 22:11:44.305 [main] DEBUG nextflow.plugin.PluginsFacade - Plugins resolved requirement=[]
Jun-20 22:11:44.318 [main] DEBUG nextflow.secret.LocalSecretsProvider - Secrets store: /home/malvarez/.nextflow/secrets/store.json
Jun-20 22:11:44.322 [main] DEBUG nextflow.secret.SecretsLoader - Discovered secrets providers: [nextflow.secret.LocalSecretsProvider@5dd903be] - activable => nextflow.secret.LocalSecretsProvider@5dd903be
Jun-20 22:11:44.420 [main] DEBUG nextflow.Session - Session UUID: 3d598d60-d505-4ace-bd76-af0f952ddae9
Jun-20 22:11:44.420 [main] DEBUG nextflow.Session - Run name: golden_austin
Jun-20 22:11:44.420 [main] DEBUG nextflow.Session - Executor pool size: 72
Jun-20 22:11:44.435 [main] DEBUG nextflow.util.ThreadPoolBuilder - Creating thread pool 'FileTransfer' minSize=10; maxSize=216; workQueue=LinkedBlockingQueue[10000]; allowCoreThreadTimeout=false
Jun-20 22:11:44.479 [main] DEBUG nextflow.cli.CmdRun - 
  Version: 22.10.6 build 5843
  Created: 23-01-2023 23:20 UTC (24-01-2023 00:20 CEST)
  System: Linux 3.10.0-693.2.2.el7.x86_64
  Runtime: Groovy 3.0.13 on OpenJDK 64-Bit Server VM 17.0.3-internal+0-adhoc..src
  Encoding: UTF-8 (UTF-8)
  Process: 15857@fsupeksvr.irbbarcelona.pcb.ub.es [10.5.4.116]
  CPUs: 72 - Mem: 251.6 GB (27.6 GB) - Swap: 4 GB (4 KB)
Jun-20 22:11:44.518 [main] DEBUG nextflow.Session - Work-dir: /g/strcombio/fsupek_data/users/malvarez/projects/RepDefSig/models/model_MMR_poster/2_signature_extraction_and_plotting/1_QC/trinuc_proportions_unmatched_feature_tracks/work [nfs]
Jun-20 22:11:44.540 [main] DEBUG nextflow.executor.ExecutorFactory - Extension executors providers=[]
Jun-20 22:11:44.552 [main] DEBUG nextflow.Session - Observer factory: DefaultObserverFactory
Jun-20 22:11:44.602 [main] DEBUG nextflow.cache.CacheFactory - Using Nextflow cache factory: nextflow.cache.DefaultCacheFactory
Jun-20 22:11:44.618 [main] DEBUG nextflow.util.CustomThreadPool - Creating default thread pool > poolSize: 73; maxThreads: 1000
Jun-20 22:11:44.803 [main] DEBUG nextflow.Session - Session start
Jun-20 22:11:44.808 [main] DEBUG nextflow.trace.TraceFileObserver - Workflow started -- trace file: /g/strcombio/fsupek_data/users/malvarez/projects/RepDefSig/models/model_MMR_poster/2_signature_extraction_and_plotting/1_QC/trinuc_proportions_unmatched_feature_tracks/trace
Jun-20 22:11:45.480 [main] DEBUG nextflow.script.ScriptRunner - > Launching execution
Jun-20 22:11:45.645 [main] DEBUG nextflow.executor.ExecutorFactory - << taskConfig executor: slurm
Jun-20 22:11:45.645 [main] DEBUG nextflow.executor.ExecutorFactory - >> processorType: 'slurm'
Jun-20 22:11:45.654 [main] DEBUG nextflow.executor.Executor - [warm up] executor > slurm
Jun-20 22:11:45.659 [main] DEBUG n.processor.TaskPollingMonitor - Creating task monitor for executor 'slurm' > capacity: 100; pollInterval: 5s; dumpInterval: 5m 
Jun-20 22:11:45.662 [main] DEBUG n.processor.TaskPollingMonitor - Creating submit rate limit of 1 submissions per 1 seconds
Jun-20 22:11:45.666 [main] DEBUG n.executor.AbstractGridExecutor - Creating executor 'slurm' > queue-stat-interval: 1m
Jun-20 22:11:45.731 [main] DEBUG nextflow.executor.ExecutorFactory - << taskConfig executor: slurm
Jun-20 22:11:45.731 [main] DEBUG nextflow.executor.ExecutorFactory - >> processorType: 'slurm'
Jun-20 22:11:45.751 [main] DEBUG nextflow.executor.ExecutorFactory - << taskConfig executor: slurm
Jun-20 22:11:45.751 [main] DEBUG nextflow.executor.ExecutorFactory - >> processorType: 'slurm'
Jun-20 22:11:45.768 [main] DEBUG nextflow.executor.ExecutorFactory - << taskConfig executor: slurm
Jun-20 22:11:45.768 [main] DEBUG nextflow.executor.ExecutorFactory - >> processorType: 'slurm'
Jun-20 22:11:45.773 [main] DEBUG nextflow.Session - Workflow process names [dsl1]: list_median_scores, load_feature_maps, offset, binarize_scores
Jun-20 22:11:45.773 [main] DEBUG nextflow.script.ScriptRunner - > Awaiting termination 
Jun-20 22:11:45.773 [main] DEBUG nextflow.Session - Session await
Jun-20 22:11:46.040 [Actor Thread 39] INFO  nextflow.processor.TaskProcessor - [00/5bda08] Cached process > load_feature_maps (8)
Jun-20 22:11:46.040 [Actor Thread 41] INFO  nextflow.processor.TaskProcessor - [32/42d6d2] Cached process > load_feature_maps (9)
Jun-20 22:11:46.040 [Actor Thread 21] INFO  nextflow.processor.TaskProcessor - [f0/22e1c9] Cached process > list_median_scores (6)
Jun-20 22:11:46.040 [Actor Thread 67] INFO  nextflow.processor.TaskProcessor - [42/5c3478] Cached process > load_feature_maps (22)
Jun-20 22:11:46.040 [Actor Thread 70] INFO  nextflow.processor.TaskProcessor - [5f/d7d935] Cached process > load_feature_maps (23)
Jun-20 22:11:46.040 [Actor Thread 7] INFO  nextflow.processor.TaskProcessor - [8f/977afe] Cached process > list_median_scores (1)
Jun-20 22:11:46.040 [Actor Thread 47] INFO  nextflow.processor.TaskProcessor - [e7/b3a968] Cached process > load_feature_maps (12)
Jun-20 22:11:46.040 [Actor Thread 58] INFO  nextflow.processor.TaskProcessor - [fb/7ec744] Cached process > load_feature_maps (17)
Jun-20 22:11:46.040 [Actor Thread 26] INFO  nextflow.processor.TaskProcessor - [07/ee345a] Cached process > load_feature_maps (3)
Jun-20 22:11:46.040 [Actor Thread 52] INFO  nextflow.processor.TaskProcessor - [b2/1bac44] Cached process > load_feature_maps (14)
Jun-20 22:11:46.040 [Actor Thread 9] INFO  nextflow.processor.TaskProcessor - [f7/5169ea] Cached process > list_median_scores (2)
Jun-20 22:11:46.040 [Actor Thread 54] INFO  nextflow.processor.TaskProcessor - [1e/e1f4ef] Cached process > load_feature_maps (15)
Jun-20 22:11:46.040 [Actor Thread 22] INFO  nextflow.processor.TaskProcessor - [47/e2a355] Cached process > load_feature_maps (2)
Jun-20 22:11:46.040 [Actor Thread 13] INFO  nextflow.processor.TaskProcessor - [75/41e16b] Cached process > list_median_scores (4)
Jun-20 22:11:46.040 [Actor Thread 45] INFO  nextflow.processor.TaskProcessor - [9d/113795] Cached process > load_feature_maps (11)
Jun-20 22:11:46.040 [Actor Thread 56] INFO  nextflow.processor.TaskProcessor - [b7/0cbe4e] Cached process > load_feature_maps (16)
Jun-20 22:11:46.040 [Actor Thread 30] INFO  nextflow.processor.TaskProcessor - [96/d6e2c3] Cached process > load_feature_maps (4)
Jun-20 22:11:46.040 [Actor Thread 35] INFO  nextflow.processor.TaskProcessor - [84/297efe] Cached process > load_feature_maps (6)
Jun-20 22:11:46.040 [Actor Thread 63] INFO  nextflow.processor.TaskProcessor - [85/b0ac65] Cached process > load_feature_maps (20)
Jun-20 22:11:46.040 [Actor Thread 50] INFO  nextflow.processor.TaskProcessor - [b8/71eac1] Cached process > load_feature_maps (13)
Jun-20 22:11:46.040 [Actor Thread 11] INFO  nextflow.processor.TaskProcessor - [20/cd4a83] Cached process > list_median_scores (3)
Jun-20 22:11:46.040 [Actor Thread 43] INFO  nextflow.processor.TaskProcessor - [d1/d4fa68] Cached process > load_feature_maps (10)
Jun-20 22:11:46.040 [Actor Thread 38] INFO  nextflow.processor.TaskProcessor - [9f/027add] Cached process > load_feature_maps (7)
Jun-20 22:11:46.040 [Actor Thread 32] INFO  nextflow.processor.TaskProcessor - [ca/92c6f8] Cached process > load_feature_maps (5)
Jun-20 22:11:46.040 [Actor Thread 25] INFO  nextflow.processor.TaskProcessor - [a2/9bb670] Cached process > list_median_scores (7)
Jun-20 22:11:46.040 [Actor Thread 18] INFO  nextflow.processor.TaskProcessor - [ee/e72e91] Cached process > list_median_scores (5)
Jun-20 22:11:46.040 [Actor Thread 17] INFO  nextflow.processor.TaskProcessor - [ab/7dc355] Cached process > load_feature_maps (1)
Jun-20 22:11:46.049 [Actor Thread 61] INFO  nextflow.processor.TaskProcessor - [3b/72a312] Cached process > load_feature_maps (19)
Jun-20 22:11:46.057 [Actor Thread 60] INFO  nextflow.processor.TaskProcessor - [53/1842e6] Cached process > load_feature_maps (18)
Jun-20 22:11:46.057 [Actor Thread 65] INFO  nextflow.processor.TaskProcessor - [15/03b3be] Cached process > load_feature_maps (21)
Jun-20 22:11:46.209 [Task submitter] DEBUG nextflow.executor.GridTaskHandler - [SLURM] submitted process list_median_scores (8) > jobId: 13981241; workDir: /g/strcombio/fsupek_data/users/malvarez/projects/RepDefSig/models/model_MMR_poster/2_signature_extraction_and_plotting/1_QC/trinuc_proportions_unmatched_feature_tracks/work/12/6439fdb57ae8197cbd4d7a8845bbee
Jun-20 22:11:46.209 [Task submitter] INFO  nextflow.Session - [12/6439fd] Submitted process > list_median_scores (8)
Jun-20 22:16:25.683 [Task monitor] DEBUG n.processor.TaskPollingMonitor - Task completed > TaskHandler[jobId: 13981241; id: 11; name: list_median_scores (8); status: COMPLETED; exit: 137; error: -; workDir: /g/strcombio/fsupek_data/users/malvarez/projects/RepDefSig/models/model_MMR_poster/2_signature_extraction_and_plotting/1_QC/trinuc_proportions_unmatched_feature_tracks/work/12/6439fdb57ae8197cbd4d7a8845bbee started: 1687291910677; exited: 2023-06-20T20:15:58.27231Z; ]
Jun-20 22:16:25.700 [Task monitor] INFO  nextflow.processor.TaskProcessor - [12/6439fd] NOTE: Process `list_median_scores (8)` terminated with an error exit status (137) -- Execution is retried (1)
Jun-20 22:16:25.752 [Task submitter] DEBUG nextflow.executor.GridTaskHandler - [SLURM] submitted process list_median_scores (8) > jobId: 13981242; workDir: /g/strcombio/fsupek_data/users/malvarez/projects/RepDefSig/models/model_MMR_poster/2_signature_extraction_and_plotting/1_QC/trinuc_proportions_unmatched_feature_tracks/work/22/a97e2f422205f76aca381896e10b19
Jun-20 22:16:25.753 [Task submitter] INFO  nextflow.Session - [22/a97e2f] Re-submitted process > list_median_scores (8)
Jun-20 22:16:50.681 [Task monitor] DEBUG n.processor.TaskPollingMonitor - !! executor slurm > tasks to be completed: 1 -- submitted tasks are shown below
~> TaskHandler[jobId: 13981242; id: 32; name: list_median_scores (8); status: RUNNING; exit: -; error: -; workDir: /g/strcombio/fsupek_data/users/malvarez/projects/RepDefSig/models/model_MMR_poster/2_signature_extraction_and_plotting/1_QC/trinuc_proportions_unmatched_feature_tracks/work/22/a97e2f422205f76aca381896e10b19 started: 1687292190680; exited: -; ]
Jun-20 22:21:50.697 [Task monitor] DEBUG n.processor.TaskPollingMonitor - !! executor slurm > tasks to be completed: 1 -- submitted tasks are shown below
~> TaskHandler[jobId: 13981242; id: 32; name: list_median_scores (8); status: RUNNING; exit: -; error: -; workDir: /g/strcombio/fsupek_data/users/malvarez/projects/RepDefSig/models/model_MMR_poster/2_signature_extraction_and_plotting/1_QC/trinuc_proportions_unmatched_feature_tracks/work/22/a97e2f422205f76aca381896e10b19 started: 1687292190680; exited: -; ]
Jun-20 22:22:00.699 [Task monitor] DEBUG nextflow.file.FileHelper - NFS path (true): /g/strcombio/fsupek_data/users/malvarez/projects/RepDefSig/models/model_MMR_poster/2_signature_extraction_and_plotting/1_QC/trinuc_proportions_unmatched_feature_tracks/work
Jun-20 22:22:00.727 [Task monitor] DEBUG n.processor.TaskPollingMonitor - Task completed > TaskHandler[jobId: 13981242; id: 32; name: list_median_scores (8); status: COMPLETED; exit: 0; error: -; workDir: /g/strcombio/fsupek_data/users/malvarez/projects/RepDefSig/models/model_MMR_poster/2_signature_extraction_and_plotting/1_QC/trinuc_proportions_unmatched_feature_tracks/work/22/a97e2f422205f76aca381896e10b19 started: 1687292190680; exited: 2023-06-20T20:21:53.987602Z; ]
Jun-20 22:22:00.849 [Task submitter] DEBUG nextflow.executor.GridTaskHandler - [SLURM] submitted process binarize_scores (20) > jobId: 13981244; workDir: /g/strcombio/fsupek_data/users/malvarez/projects/RepDefSig/models/model_MMR_poster/2_signature_extraction_and_plotting/1_QC/trinuc_proportions_unmatched_feature_tracks/work/a2/86ed747abf1e1604c2d1acd3c228ed
Jun-20 22:22:00.849 [Task submitter] INFO  nextflow.Session - [a2/86ed74] Submitted process > binarize_scores (20)
Jun-20 22:22:00.889 [Task submitter] DEBUG nextflow.executor.GridTaskHandler - [SLURM] submitted process binarize_scores (13) > jobId: 13981245; workDir: /g/strcombio/fsupek_data/users/malvarez/projects/RepDefSig/models/model_MMR_poster/2_signature_extraction_and_plotting/1_QC/trinuc_proportions_unmatched_feature_tracks/work/12/e3aa7e304223442c59a767022c6d24
Jun-20 22:22:00.889 [Task submitter] INFO  nextflow.Session - [12/e3aa7e] Submitted process > binarize_scores (13)
Jun-20 22:22:01.851 [Task submitter] DEBUG nextflow.executor.GridTaskHandler - [SLURM] submitted process binarize_scores (16) > jobId: 13981246; workDir: /g/strcombio/fsupek_data/users/malvarez/projects/RepDefSig/models/model_MMR_poster/2_signature_extraction_and_plotting/1_QC/trinuc_proportions_unmatched_feature_tracks/work/a4/ed997f0962b5585885a71ebd892d57
Jun-20 22:22:01.852 [Task submitter] INFO  nextflow.Session - [a4/ed997f] Submitted process > binarize_scores (16)
Jun-20 22:22:02.850 [Task submitter] DEBUG nextflow.executor.GridTaskHandler - [SLURM] submitted process binarize_scores (10) > jobId: 13981247; workDir: /g/strcombio/fsupek_data/users/malvarez/projects/RepDefSig/models/model_MMR_poster/2_signature_extraction_and_plotting/1_QC/trinuc_proportions_unmatched_feature_tracks/work/09/96080478757577593685897566dd9e
Jun-20 22:22:02.850 [Task submitter] INFO  nextflow.Session - [09/960804] Submitted process > binarize_scores (10)
Jun-20 22:22:03.849 [Task submitter] DEBUG nextflow.executor.GridTaskHandler - [SLURM] submitted process binarize_scores (14) > jobId: 13981248; workDir: /g/strcombio/fsupek_data/users/malvarez/projects/RepDefSig/models/model_MMR_poster/2_signature_extraction_and_plotting/1_QC/trinuc_proportions_unmatched_feature_tracks/work/d9/33460e92e38ffb66a61415e0b50bb8
Jun-20 22:22:03.850 [Task submitter] INFO  nextflow.Session - [d9/33460e] Submitted process > binarize_scores (14)
Jun-20 22:22:04.847 [Task submitter] DEBUG nextflow.executor.GridTaskHandler - [SLURM] submitted process binarize_scores (4) > jobId: 13981249; workDir: /g/strcombio/fsupek_data/users/malvarez/projects/RepDefSig/models/model_MMR_poster/2_signature_extraction_and_plotting/1_QC/trinuc_proportions_unmatched_feature_tracks/work/e9/4db7c5fecdf2c93940c4244a5a3308
Jun-20 22:22:04.847 [Task submitter] INFO  nextflow.Session - [e9/4db7c5] Submitted process > binarize_scores (4)
Jun-20 22:22:05.848 [Task submitter] DEBUG nextflow.executor.GridTaskHandler - [SLURM] submitted process binarize_scores (7) > jobId: 13981250; workDir: /g/strcombio/fsupek_data/users/malvarez/projects/RepDefSig/models/model_MMR_poster/2_signature_extraction_and_plotting/1_QC/trinuc_proportions_unmatched_feature_tracks/work/18/52e6b90d2f5c53e621e6355f9ce151
Jun-20 22:22:05.848 [Task submitter] INFO  nextflow.Session - [18/52e6b9] Submitted process > binarize_scores (7)
Jun-20 22:22:06.844 [Task submitter] DEBUG nextflow.executor.GridTaskHandler - [SLURM] submitted process binarize_scores (11) > jobId: 13981251; workDir: /g/strcombio/fsupek_data/users/malvarez/projects/RepDefSig/models/model_MMR_poster/2_signature_extraction_and_plotting/1_QC/trinuc_proportions_unmatched_feature_tracks/work/81/4eb03a70c1534d4ee64b42268bccb1
Jun-20 22:22:06.844 [Task submitter] INFO  nextflow.Session - [81/4eb03a] Submitted process > binarize_scores (11)
Jun-20 22:22:07.843 [Task submitter] DEBUG nextflow.executor.GridTaskHandler - [SLURM] submitted process binarize_scores (15) > jobId: 13981252; workDir: /g/strcombio/fsupek_data/users/malvarez/projects/RepDefSig/models/model_MMR_poster/2_signature_extraction_and_plotting/1_QC/trinuc_proportions_unmatched_feature_tracks/work/02/67477004f7407d0f3402e680946de1
Jun-20 22:22:07.843 [Task submitter] INFO  nextflow.Session - [02/674770] Submitted process > binarize_scores (15)
Jun-20 22:22:08.844 [Task submitter] DEBUG nextflow.executor.GridTaskHandler - [SLURM] submitted process binarize_scores (5) > jobId: 13981253; workDir: /g/strcombio/fsupek_data/users/malvarez/projects/RepDefSig/models/model_MMR_poster/2_signature_extraction_and_plotting/1_QC/trinuc_proportions_unmatched_feature_tracks/work/d0/ccfc67307268a5a4c5c89a35a42957
Jun-20 22:22:08.844 [Task submitter] INFO  nextflow.Session - [d0/ccfc67] Submitted process > binarize_scores (5)
Jun-20 22:22:09.844 [Task submitter] DEBUG nextflow.executor.GridTaskHandler - [SLURM] submitted process binarize_scores (2) > jobId: 13981254; workDir: /g/strcombio/fsupek_data/users/malvarez/projects/RepDefSig/models/model_MMR_poster/2_signature_extraction_and_plotting/1_QC/trinuc_proportions_unmatched_feature_tracks/work/7d/db46085bf854601ef797ef7467ee7d
Jun-20 22:22:09.844 [Task submitter] INFO  nextflow.Session - [7d/db4608] Submitted process > binarize_scores (2)
Jun-20 22:22:10.869 [Task submitter] DEBUG nextflow.executor.GridTaskHandler - [SLURM] submitted process binarize_scores (3) > jobId: 13981255; workDir: /g/strcombio/fsupek_data/users/malvarez/projects/RepDefSig/models/model_MMR_poster/2_signature_extraction_and_plotting/1_QC/trinuc_proportions_unmatched_feature_tracks/work/30/12e8c30c85956042d9c22e8ce2dc41
Jun-20 22:22:10.870 [Task submitter] INFO  nextflow.Session - [30/12e8c3] Submitted process > binarize_scores (3)
Jun-20 22:22:11.844 [Task submitter] DEBUG nextflow.executor.GridTaskHandler - [SLURM] submitted process binarize_scores (6) > jobId: 13981256; workDir: /g/strcombio/fsupek_data/users/malvarez/projects/RepDefSig/models/model_MMR_poster/2_signature_extraction_and_plotting/1_QC/trinuc_proportions_unmatched_feature_tracks/work/86/59f7de133540b458dcef8d2a64fcf1
Jun-20 22:22:11.844 [Task submitter] INFO  nextflow.Session - [86/59f7de] Submitted process > binarize_scores (6)
Jun-20 22:22:12.847 [Task submitter] DEBUG nextflow.executor.GridTaskHandler - [SLURM] submitted process binarize_scores (23) > jobId: 13981257; workDir: /g/strcombio/fsupek_data/users/malvarez/projects/RepDefSig/models/model_MMR_poster/2_signature_extraction_and_plotting/1_QC/trinuc_proportions_unmatched_feature_tracks/work/c9/24f2bcf770240027641e33a8ff2049
Jun-20 22:22:12.847 [Task submitter] INFO  nextflow.Session - [c9/24f2bc] Submitted process > binarize_scores (23)
Jun-20 22:22:13.840 [Task submitter] DEBUG nextflow.executor.GridTaskHandler - [SLURM] submitted process binarize_scores (9) > jobId: 13981258; workDir: /g/strcombio/fsupek_data/users/malvarez/projects/RepDefSig/models/model_MMR_poster/2_signature_extraction_and_plotting/1_QC/trinuc_proportions_unmatched_feature_tracks/work/ae/f455834d9ba60f83de03a3a378722b
Jun-20 22:22:13.841 [Task submitter] INFO  nextflow.Session - [ae/f45583] Submitted process > binarize_scores (9)
Jun-20 22:22:14.843 [Task submitter] DEBUG nextflow.executor.GridTaskHandler - [SLURM] submitted process binarize_scores (22) > jobId: 13981259; workDir: /g/strcombio/fsupek_data/users/malvarez/projects/RepDefSig/models/model_MMR_poster/2_signature_extraction_and_plotting/1_QC/trinuc_proportions_unmatched_feature_tracks/work/df/c8504aa912a635a5c502aefc4d3183
Jun-20 22:22:14.843 [Task submitter] INFO  nextflow.Session - [df/c8504a] Submitted process > binarize_scores (22)
Jun-20 22:22:15.840 [Task submitter] DEBUG nextflow.executor.GridTaskHandler - [SLURM] submitted process binarize_scores (8) > jobId: 13981260; workDir: /g/strcombio/fsupek_data/users/malvarez/projects/RepDefSig/models/model_MMR_poster/2_signature_extraction_and_plotting/1_QC/trinuc_proportions_unmatched_feature_tracks/work/87/52e0122e7d4f468014816394a30742
Jun-20 22:22:15.841 [Task submitter] INFO  nextflow.Session - [87/52e012] Submitted process > binarize_scores (8)
Jun-20 22:22:16.841 [Task submitter] DEBUG nextflow.executor.GridTaskHandler - [SLURM] submitted process binarize_scores (12) > jobId: 13981261; workDir: /g/strcombio/fsupek_data/users/malvarez/projects/RepDefSig/models/model_MMR_poster/2_signature_extraction_and_plotting/1_QC/trinuc_proportions_unmatched_feature_tracks/work/aa/bf777c17838aa3e2c0b56504eb8d7e
Jun-20 22:22:16.842 [Task submitter] INFO  nextflow.Session - [aa/bf777c] Submitted process > binarize_scores (12)
Jun-20 22:22:17.841 [Task submitter] DEBUG nextflow.executor.GridTaskHandler - [SLURM] submitted process binarize_scores (18) > jobId: 13981262; workDir: /g/strcombio/fsupek_data/users/malvarez/projects/RepDefSig/models/model_MMR_poster/2_signature_extraction_and_plotting/1_QC/trinuc_proportions_unmatched_feature_tracks/work/8b/5660f11fbc6db0864960b9b967a6c6
Jun-20 22:22:17.842 [Task submitter] INFO  nextflow.Session - [8b/5660f1] Submitted process > binarize_scores (18)
Jun-20 22:22:18.858 [Task submitter] DEBUG nextflow.executor.GridTaskHandler - [SLURM] submitted process binarize_scores (1) > jobId: 13981263; workDir: /g/strcombio/fsupek_data/users/malvarez/projects/RepDefSig/models/model_MMR_poster/2_signature_extraction_and_plotting/1_QC/trinuc_proportions_unmatched_feature_tracks/work/e4/9f611fd2bf905962c3ce37863e8275
Jun-20 22:22:18.858 [Task submitter] INFO  nextflow.Session - [e4/9f611f] Submitted process > binarize_scores (1)
Jun-20 22:22:19.842 [Task submitter] DEBUG nextflow.executor.GridTaskHandler - [SLURM] submitted process binarize_scores (19) > jobId: 13981264; workDir: /g/strcombio/fsupek_data/users/malvarez/projects/RepDefSig/models/model_MMR_poster/2_signature_extraction_and_plotting/1_QC/trinuc_proportions_unmatched_feature_tracks/work/ac/5e0dc3de67f60a033a5d68e009a88b
Jun-20 22:22:19.842 [Task submitter] INFO  nextflow.Session - [ac/5e0dc3] Submitted process > binarize_scores (19)
Jun-20 22:22:20.842 [Task submitter] DEBUG nextflow.executor.GridTaskHandler - [SLURM] submitted process binarize_scores (17) > jobId: 13981265; workDir: /g/strcombio/fsupek_data/users/malvarez/projects/RepDefSig/models/model_MMR_poster/2_signature_extraction_and_plotting/1_QC/trinuc_proportions_unmatched_feature_tracks/work/71/72d41513adc6a831538219a67dcd78
Jun-20 22:22:20.842 [Task submitter] INFO  nextflow.Session - [71/72d415] Submitted process > binarize_scores (17)
Jun-20 22:22:21.850 [Task submitter] DEBUG nextflow.executor.GridTaskHandler - [SLURM] submitted process binarize_scores (21) > jobId: 13981266; workDir: /g/strcombio/fsupek_data/users/malvarez/projects/RepDefSig/models/model_MMR_poster/2_signature_extraction_and_plotting/1_QC/trinuc_proportions_unmatched_feature_tracks/work/0e/ebb6c8940bdc5c423e60009956249e
Jun-20 22:22:21.851 [Task submitter] INFO  nextflow.Session - [0e/ebb6c8] Submitted process > binarize_scores (21)
Jun-20 22:26:50.710 [Task monitor] DEBUG n.processor.TaskPollingMonitor - !! executor slurm > tasks to be completed: 23 -- submitted tasks are shown below
~> TaskHandler[jobId: 13981244; id: 52; name: binarize_scores (20); status: RUNNING; exit: -; error: -; workDir: /g/strcombio/fsupek_data/users/malvarez/projects/RepDefSig/models/model_MMR_poster/2_signature_extraction_and_plotting/1_QC/trinuc_proportions_unmatched_feature_tracks/work/a2/86ed747abf1e1604c2d1acd3c228ed started: 1687292525699; exited: -; ]
~> TaskHandler[jobId: 13981245; id: 45; name: binarize_scores (13); status: RUNNING; exit: -; error: -; workDir: /g/strcombio/fsupek_data/users/malvarez/projects/RepDefSig/models/model_MMR_poster/2_signature_extraction_and_plotting/1_QC/trinuc_proportions_unmatched_feature_tracks/work/12/e3aa7e304223442c59a767022c6d24 started: 1687292525702; exited: -; ]
~> TaskHandler[jobId: 13981246; id: 48; name: binarize_scores (16); status: RUNNING; exit: -; error: -; workDir: /g/strcombio/fsupek_data/users/malvarez/projects/RepDefSig/models/model_MMR_poster/2_signature_extraction_and_plotting/1_QC/trinuc_proportions_unmatched_feature_tracks/work/a4/ed997f0962b5585885a71ebd892d57 started: 1687292525705; exited: -; ]
~> TaskHandler[jobId: 13981247; id: 42; name: binarize_scores (10); status: RUNNING; exit: -; error: -; workDir: /g/strcombio/fsupek_data/users/malvarez/projects/RepDefSig/models/model_MMR_poster/2_signature_extraction_and_plotting/1_QC/trinuc_proportions_unmatched_feature_tracks/work/09/96080478757577593685897566dd9e started: 1687292525708; exited: -; ]
~> TaskHandler[jobId: 13981248; id: 46; name: binarize_scores (14); status: RUNNING; exit: -; error: -; workDir: /g/strcombio/fsupek_data/users/malvarez/projects/RepDefSig/models/model_MMR_poster/2_signature_extraction_and_plotting/1_QC/trinuc_proportions_unmatched_feature_tracks/work/d9/33460e92e38ffb66a61415e0b50bb8 started: 1687292525711; exited: -; ]
~> TaskHandler[jobId: 13981249; id: 36; name: binarize_scores (4); status: RUNNING; exit: -; error: -; workDir: /g/strcombio/fsupek_data/users/malvarez/projects/RepDefSig/models/model_MMR_poster/2_signature_extraction_and_plotting/1_QC/trinuc_proportions_unmatched_feature_tracks/work/e9/4db7c5fecdf2c93940c4244a5a3308 started: 1687292555706; exited: -; ]
~> TaskHandler[jobId: 13981250; id: 39; name: binarize_scores (7); status: RUNNING; exit: -; error: -; workDir: /g/strcombio/fsupek_data/users/malvarez/projects/RepDefSig/models/model_MMR_poster/2_signature_extraction_and_plotting/1_QC/trinuc_proportions_unmatched_feature_tracks/work/18/52e6b90d2f5c53e621e6355f9ce151 started: 1687292530700; exited: -; ]
~> TaskHandler[jobId: 13981251; id: 43; name: binarize_scores (11); status: RUNNING; exit: -; error: -; workDir: /g/strcombio/fsupek_data/users/malvarez/projects/RepDefSig/models/model_MMR_poster/2_signature_extraction_and_plotting/1_QC/trinuc_proportions_unmatched_feature_tracks/work/81/4eb03a70c1534d4ee64b42268bccb1 started: 1687292530703; exited: -; ]
~> TaskHandler[jobId: 13981252; id: 47; name: binarize_scores (15); status: RUNNING; exit: -; error: -; workDir: /g/strcombio/fsupek_data/users/malvarez/projects/RepDefSig/models/model_MMR_poster/2_signature_extraction_and_plotting/1_QC/trinuc_proportions_unmatched_feature_tracks/work/02/67477004f7407d0f3402e680946de1 started: 1687292560705; exited: -; ]
~> TaskHandler[jobId: 13981253; id: 37; name: binarize_scores (5); status: RUNNING; exit: -; error: -; workDir: /g/strcombio/fsupek_data/users/malvarez/projects/RepDefSig/models/model_MMR_poster/2_signature_extraction_and_plotting/1_QC/trinuc_proportions_unmatched_feature_tracks/work/d0/ccfc67307268a5a4c5c89a35a42957 started: 1687292560708; exited: -; ]
.. remaining tasks omitted.
Jun-20 22:31:20.724 [Task monitor] DEBUG n.processor.TaskPollingMonitor - Task completed > TaskHandler[jobId: 13981259; id: 54; name: binarize_scores (22); status: COMPLETED; exit: 0; error: -; workDir: /g/strcombio/fsupek_data/users/malvarez/projects/RepDefSig/models/model_MMR_poster/2_signature_extraction_and_plotting/1_QC/trinuc_proportions_unmatched_feature_tracks/work/df/c8504aa912a635a5c502aefc4d3183 started: 1687292565709; exited: 2023-06-20T20:30:55.972446Z; ]
Jun-20 22:31:50.721 [Task monitor] DEBUG n.processor.TaskPollingMonitor - !! executor slurm > tasks to be completed: 22 -- submitted tasks are shown below
~> TaskHandler[jobId: 13981244; id: 52; name: binarize_scores (20); status: RUNNING; exit: -; error: -; workDir: /g/strcombio/fsupek_data/users/malvarez/projects/RepDefSig/models/model_MMR_poster/2_signature_extraction_and_plotting/1_QC/trinuc_proportions_unmatched_feature_tracks/work/a2/86ed747abf1e1604c2d1acd3c228ed started: 1687292525699; exited: -; ]
~> TaskHandler[jobId: 13981245; id: 45; name: binarize_scores (13); status: RUNNING; exit: -; error: -; workDir: /g/strcombio/fsupek_data/users/malvarez/projects/RepDefSig/models/model_MMR_poster/2_signature_extraction_and_plotting/1_QC/trinuc_proportions_unmatched_feature_tracks/work/12/e3aa7e304223442c59a767022c6d24 started: 1687292525702; exited: -; ]
~> TaskHandler[jobId: 13981246; id: 48; name: binarize_scores (16); status: RUNNING; exit: -; error: -; workDir: /g/strcombio/fsupek_data/users/malvarez/projects/RepDefSig/models/model_MMR_poster/2_signature_extraction_and_plotting/1_QC/trinuc_proportions_unmatched_feature_tracks/work/a4/ed997f0962b5585885a71ebd892d57 started: 1687292525705; exited: -; ]
~> TaskHandler[jobId: 13981247; id: 42; name: binarize_scores (10); status: RUNNING; exit: -; error: -; workDir: /g/strcombio/fsupek_data/users/malvarez/projects/RepDefSig/models/model_MMR_poster/2_signature_extraction_and_plotting/1_QC/trinuc_proportions_unmatched_feature_tracks/work/09/96080478757577593685897566dd9e started: 1687292525708; exited: -; ]
~> TaskHandler[jobId: 13981248; id: 46; name: binarize_scores (14); status: RUNNING; exit: -; error: -; workDir: /g/strcombio/fsupek_data/users/malvarez/projects/RepDefSig/models/model_MMR_poster/2_signature_extraction_and_plotting/1_QC/trinuc_proportions_unmatched_feature_tracks/work/d9/33460e92e38ffb66a61415e0b50bb8 started: 1687292525711; exited: -; ]
~> TaskHandler[jobId: 13981249; id: 36; name: binarize_scores (4); status: RUNNING; exit: -; error: -; workDir: /g/strcombio/fsupek_data/users/malvarez/projects/RepDefSig/models/model_MMR_poster/2_signature_extraction_and_plotting/1_QC/trinuc_proportions_unmatched_feature_tracks/work/e9/4db7c5fecdf2c93940c4244a5a3308 started: 1687292555706; exited: -; ]
~> TaskHandler[jobId: 13981250; id: 39; name: binarize_scores (7); status: RUNNING; exit: -; error: -; workDir: /g/strcombio/fsupek_data/users/malvarez/projects/RepDefSig/models/model_MMR_poster/2_signature_extraction_and_plotting/1_QC/trinuc_proportions_unmatched_feature_tracks/work/18/52e6b90d2f5c53e621e6355f9ce151 started: 1687292530700; exited: -; ]
~> TaskHandler[jobId: 13981251; id: 43; name: binarize_scores (11); status: RUNNING; exit: -; error: -; workDir: /g/strcombio/fsupek_data/users/malvarez/projects/RepDefSig/models/model_MMR_poster/2_signature_extraction_and_plotting/1_QC/trinuc_proportions_unmatched_feature_tracks/work/81/4eb03a70c1534d4ee64b42268bccb1 started: 1687292530703; exited: -; ]
~> TaskHandler[jobId: 13981252; id: 47; name: binarize_scores (15); status: RUNNING; exit: -; error: -; workDir: /g/strcombio/fsupek_data/users/malvarez/projects/RepDefSig/models/model_MMR_poster/2_signature_extraction_and_plotting/1_QC/trinuc_proportions_unmatched_feature_tracks/work/02/67477004f7407d0f3402e680946de1 started: 1687292560705; exited: -; ]
~> TaskHandler[jobId: 13981253; id: 37; name: binarize_scores (5); status: RUNNING; exit: -; error: -; workDir: /g/strcombio/fsupek_data/users/malvarez/projects/RepDefSig/models/model_MMR_poster/2_signature_extraction_and_plotting/1_QC/trinuc_proportions_unmatched_feature_tracks/work/d0/ccfc67307268a5a4c5c89a35a42957 started: 1687292560708; exited: -; ]
.. remaining tasks omitted.
Jun-20 22:33:00.754 [Task monitor] DEBUG n.processor.TaskPollingMonitor - Task completed > TaskHandler[jobId: 13981250; id: 39; name: binarize_scores (7); status: COMPLETED; exit: 0; error: -; workDir: /g/strcombio/fsupek_data/users/malvarez/projects/RepDefSig/models/model_MMR_poster/2_signature_extraction_and_plotting/1_QC/trinuc_proportions_unmatched_feature_tracks/work/18/52e6b90d2f5c53e621e6355f9ce151 started: 1687292530700; exited: 2023-06-20T20:32:44.458282Z; ]
Jun-20 22:36:50.732 [Task monitor] DEBUG n.processor.TaskPollingMonitor - !! executor slurm > tasks to be completed: 21 -- submitted tasks are shown below
~> TaskHandler[jobId: 13981244; id: 52; name: binarize_scores (20); status: RUNNING; exit: -; error: -; workDir: /g/strcombio/fsupek_data/users/malvarez/projects/RepDefSig/models/model_MMR_poster/2_signature_extraction_and_plotting/1_QC/trinuc_proportions_unmatched_feature_tracks/work/a2/86ed747abf1e1604c2d1acd3c228ed started: 1687292525699; exited: -; ]
~> TaskHandler[jobId: 13981245; id: 45; name: binarize_scores (13); status: RUNNING; exit: -; error: -; workDir: /g/strcombio/fsupek_data/users/malvarez/projects/RepDefSig/models/model_MMR_poster/2_signature_extraction_and_plotting/1_QC/trinuc_proportions_unmatched_feature_tracks/work/12/e3aa7e304223442c59a767022c6d24 started: 1687292525702; exited: -; ]
~> TaskHandler[jobId: 13981246; id: 48; name: binarize_scores (16); status: RUNNING; exit: -; error: -; workDir: /g/strcombio/fsupek_data/users/malvarez/projects/RepDefSig/models/model_MMR_poster/2_signature_extraction_and_plotting/1_QC/trinuc_proportions_unmatched_feature_tracks/work/a4/ed997f0962b5585885a71ebd892d57 started: 1687292525705; exited: -; ]
~> TaskHandler[jobId: 13981247; id: 42; name: binarize_scores (10); status: RUNNING; exit: -; error: -; workDir: /g/strcombio/fsupek_data/users/malvarez/projects/RepDefSig/models/model_MMR_poster/2_signature_extraction_and_plotting/1_QC/trinuc_proportions_unmatched_feature_tracks/work/09/96080478757577593685897566dd9e started: 1687292525708; exited: -; ]
~> TaskHandler[jobId: 13981248; id: 46; name: binarize_scores (14); status: RUNNING; exit: -; error: -; workDir: /g/strcombio/fsupek_data/users/malvarez/projects/RepDefSig/models/model_MMR_poster/2_signature_extraction_and_plotting/1_QC/trinuc_proportions_unmatched_feature_tracks/work/d9/33460e92e38ffb66a61415e0b50bb8 started: 1687292525711; exited: -; ]
~> TaskHandler[jobId: 13981249; id: 36; name: binarize_scores (4); status: RUNNING; exit: -; error: -; workDir: /g/strcombio/fsupek_data/users/malvarez/projects/RepDefSig/models/model_MMR_poster/2_signature_extraction_and_plotting/1_QC/trinuc_proportions_unmatched_feature_tracks/work/e9/4db7c5fecdf2c93940c4244a5a3308 started: 1687292555706; exited: -; ]
~> TaskHandler[jobId: 13981251; id: 43; name: binarize_scores (11); status: RUNNING; exit: -; error: -; workDir: /g/strcombio/fsupek_data/users/malvarez/projects/RepDefSig/models/model_MMR_poster/2_signature_extraction_and_plotting/1_QC/trinuc_proportions_unmatched_feature_tracks/work/81/4eb03a70c1534d4ee64b42268bccb1 started: 1687292530703; exited: -; ]
~> TaskHandler[jobId: 13981252; id: 47; name: binarize_scores (15); status: RUNNING; exit: -; error: -; workDir: /g/strcombio/fsupek_data/users/malvarez/projects/RepDefSig/models/model_MMR_poster/2_signature_extraction_and_plotting/1_QC/trinuc_proportions_unmatched_feature_tracks/work/02/67477004f7407d0f3402e680946de1 started: 1687292560705; exited: -; ]
~> TaskHandler[jobId: 13981253; id: 37; name: binarize_scores (5); status: RUNNING; exit: -; error: -; workDir: /g/strcombio/fsupek_data/users/malvarez/projects/RepDefSig/models/model_MMR_poster/2_signature_extraction_and_plotting/1_QC/trinuc_proportions_unmatched_feature_tracks/work/d0/ccfc67307268a5a4c5c89a35a42957 started: 1687292560708; exited: -; ]
~> TaskHandler[jobId: 13981254; id: 34; name: binarize_scores (2); status: RUNNING; exit: -; error: -; workDir: /g/strcombio/fsupek_data/users/malvarez/projects/RepDefSig/models/model_MMR_poster/2_signature_extraction_and_plotting/1_QC/trinuc_proportions_unmatched_feature_tracks/work/7d/db46085bf854601ef797ef7467ee7d started: 1687292560711; exited: -; ]
.. remaining tasks omitted.
Jun-20 22:37:00.752 [Task monitor] DEBUG n.processor.TaskPollingMonitor - Task completed > TaskHandler[jobId: 13981247; id: 42; name: binarize_scores (10); status: COMPLETED; exit: 0; error: -; workDir: /g/strcombio/fsupek_data/users/malvarez/projects/RepDefSig/models/model_MMR_poster/2_signature_extraction_and_plotting/1_QC/trinuc_proportions_unmatched_feature_tracks/work/09/96080478757577593685897566dd9e started: 1687292525708; exited: 2023-06-20T20:36:50.766166Z; ]
Jun-20 22:40:00.772 [Task monitor] DEBUG n.processor.TaskPollingMonitor - Task completed > TaskHandler[jobId: 13981249; id: 36; name: binarize_scores (4); status: COMPLETED; exit: 0; error: -; workDir: /g/strcombio/fsupek_data/users/malvarez/projects/RepDefSig/models/model_MMR_poster/2_signature_extraction_and_plotting/1_QC/trinuc_proportions_unmatched_feature_tracks/work/e9/4db7c5fecdf2c93940c4244a5a3308 started: 1687292555706; exited: 2023-06-20T20:39:19.533519Z; ]
Jun-20 22:41:50.743 [Task monitor] DEBUG n.processor.TaskPollingMonitor - !! executor slurm > tasks to be completed: 19 -- submitted tasks are shown below
~> TaskHandler[jobId: 13981244; id: 52; name: binarize_scores (20); status: RUNNING; exit: -; error: -; workDir: /g/strcombio/fsupek_data/users/malvarez/projects/RepDefSig/models/model_MMR_poster/2_signature_extraction_and_plotting/1_QC/trinuc_proportions_unmatched_feature_tracks/work/a2/86ed747abf1e1604c2d1acd3c228ed started: 1687292525699; exited: -; ]
~> TaskHandler[jobId: 13981245; id: 45; name: binarize_scores (13); status: RUNNING; exit: -; error: -; workDir: /g/strcombio/fsupek_data/users/malvarez/projects/RepDefSig/models/model_MMR_poster/2_signature_extraction_and_plotting/1_QC/trinuc_proportions_unmatched_feature_tracks/work/12/e3aa7e304223442c59a767022c6d24 started: 1687292525702; exited: -; ]
~> TaskHandler[jobId: 13981246; id: 48; name: binarize_scores (16); status: RUNNING; exit: -; error: -; workDir: /g/strcombio/fsupek_data/users/malvarez/projects/RepDefSig/models/model_MMR_poster/2_signature_extraction_and_plotting/1_QC/trinuc_proportions_unmatched_feature_tracks/work/a4/ed997f0962b5585885a71ebd892d57 started: 1687292525705; exited: -; ]
~> TaskHandler[jobId: 13981248; id: 46; name: binarize_scores (14); status: RUNNING; exit: -; error: -; workDir: /g/strcombio/fsupek_data/users/malvarez/projects/RepDefSig/models/model_MMR_poster/2_signature_extraction_and_plotting/1_QC/trinuc_proportions_unmatched_feature_tracks/work/d9/33460e92e38ffb66a61415e0b50bb8 started: 1687292525711; exited: -; ]
~> TaskHandler[jobId: 13981251; id: 43; name: binarize_scores (11); status: RUNNING; exit: -; error: -; workDir: /g/strcombio/fsupek_data/users/malvarez/projects/RepDefSig/models/model_MMR_poster/2_signature_extraction_and_plotting/1_QC/trinuc_proportions_unmatched_feature_tracks/work/81/4eb03a70c1534d4ee64b42268bccb1 started: 1687292530703; exited: -; ]
~> TaskHandler[jobId: 13981252; id: 47; name: binarize_scores (15); status: RUNNING; exit: -; error: -; workDir: /g/strcombio/fsupek_data/users/malvarez/projects/RepDefSig/models/model_MMR_poster/2_signature_extraction_and_plotting/1_QC/trinuc_proportions_unmatched_feature_tracks/work/02/67477004f7407d0f3402e680946de1 started: 1687292560705; exited: -; ]
~> TaskHandler[jobId: 13981253; id: 37; name: binarize_scores (5); status: RUNNING; exit: -; error: -; workDir: /g/strcombio/fsupek_data/users/malvarez/projects/RepDefSig/models/model_MMR_poster/2_signature_extraction_and_plotting/1_QC/trinuc_proportions_unmatched_feature_tracks/work/d0/ccfc67307268a5a4c5c89a35a42957 started: 1687292560708; exited: -; ]
~> TaskHandler[jobId: 13981254; id: 34; name: binarize_scores (2); status: RUNNING; exit: -; error: -; workDir: /g/strcombio/fsupek_data/users/malvarez/projects/RepDefSig/models/model_MMR_poster/2_signature_extraction_and_plotting/1_QC/trinuc_proportions_unmatched_feature_tracks/work/7d/db46085bf854601ef797ef7467ee7d started: 1687292560711; exited: -; ]
~> TaskHandler[jobId: 13981255; id: 35; name: binarize_scores (3); status: RUNNING; exit: -; error: -; workDir: /g/strcombio/fsupek_data/users/malvarez/projects/RepDefSig/models/model_MMR_poster/2_signature_extraction_and_plotting/1_QC/trinuc_proportions_unmatched_feature_tracks/work/30/12e8c30c85956042d9c22e8ce2dc41 started: 1687292535701; exited: -; ]
~> TaskHandler[jobId: 13981256; id: 38; name: binarize_scores (6); status: RUNNING; exit: -; error: -; workDir: /g/strcombio/fsupek_data/users/malvarez/projects/RepDefSig/models/model_MMR_poster/2_signature_extraction_and_plotting/1_QC/trinuc_proportions_unmatched_feature_tracks/work/86/59f7de133540b458dcef8d2a64fcf1 started: 1687292535704; exited: -; ]
.. remaining tasks omitted.
Jun-20 22:42:50.750 [Task monitor] DEBUG n.processor.TaskPollingMonitor - Task completed > TaskHandler[jobId: 13981257; id: 55; name: binarize_scores (23); status: COMPLETED; exit: 0; error: -; workDir: /g/strcombio/fsupek_data/users/malvarez/projects/RepDefSig/models/model_MMR_poster/2_signature_extraction_and_plotting/1_QC/trinuc_proportions_unmatched_feature_tracks/work/c9/24f2bcf770240027641e33a8ff2049 started: 1687292535706; exited: 2023-06-20T20:42:38.602303Z; ]
Jun-20 22:45:00.837 [Task monitor] DEBUG n.processor.TaskPollingMonitor - Task completed > TaskHandler[jobId: 13981261; id: 44; name: binarize_scores (12); status: COMPLETED; exit: 0; error: -; workDir: /g/strcombio/fsupek_data/users/malvarez/projects/RepDefSig/models/model_MMR_poster/2_signature_extraction_and_plotting/1_QC/trinuc_proportions_unmatched_feature_tracks/work/aa/bf777c17838aa3e2c0b56504eb8d7e started: 1687292570704; exited: 2023-06-20T20:44:21.581502Z; ]
Jun-20 22:46:50.751 [Task monitor] DEBUG n.processor.TaskPollingMonitor - !! executor slurm > tasks to be completed: 17 -- submitted tasks are shown below
~> TaskHandler[jobId: 13981244; id: 52; name: binarize_scores (20); status: RUNNING; exit: -; error: -; workDir: /g/strcombio/fsupek_data/users/malvarez/projects/RepDefSig/models/model_MMR_poster/2_signature_extraction_and_plotting/1_QC/trinuc_proportions_unmatched_feature_tracks/work/a2/86ed747abf1e1604c2d1acd3c228ed started: 1687292525699; exited: -; ]
~> TaskHandler[jobId: 13981245; id: 45; name: binarize_scores (13); status: RUNNING; exit: -; error: -; workDir: /g/strcombio/fsupek_data/users/malvarez/projects/RepDefSig/models/model_MMR_poster/2_signature_extraction_and_plotting/1_QC/trinuc_proportions_unmatched_feature_tracks/work/12/e3aa7e304223442c59a767022c6d24 started: 1687292525702; exited: -; ]
~> TaskHandler[jobId: 13981246; id: 48; name: binarize_scores (16); status: RUNNING; exit: -; error: -; workDir: /g/strcombio/fsupek_data/users/malvarez/projects/RepDefSig/models/model_MMR_poster/2_signature_extraction_and_plotting/1_QC/trinuc_proportions_unmatched_feature_tracks/work/a4/ed997f0962b5585885a71ebd892d57 started: 1687292525705; exited: -; ]
~> TaskHandler[jobId: 13981248; id: 46; name: binarize_scores (14); status: RUNNING; exit: -; error: -; workDir: /g/strcombio/fsupek_data/users/malvarez/projects/RepDefSig/models/model_MMR_poster/2_signature_extraction_and_plotting/1_QC/trinuc_proportions_unmatched_feature_tracks/work/d9/33460e92e38ffb66a61415e0b50bb8 started: 1687292525711; exited: -; ]
~> TaskHandler[jobId: 13981251; id: 43; name: binarize_scores (11); status: RUNNING; exit: -; error: -; workDir: /g/strcombio/fsupek_data/users/malvarez/projects/RepDefSig/models/model_MMR_poster/2_signature_extraction_and_plotting/1_QC/trinuc_proportions_unmatched_feature_tracks/work/81/4eb03a70c1534d4ee64b42268bccb1 started: 1687292530703; exited: -; ]
~> TaskHandler[jobId: 13981252; id: 47; name: binarize_scores (15); status: RUNNING; exit: -; error: -; workDir: /g/strcombio/fsupek_data/users/malvarez/projects/RepDefSig/models/model_MMR_poster/2_signature_extraction_and_plotting/1_QC/trinuc_proportions_unmatched_feature_tracks/work/02/67477004f7407d0f3402e680946de1 started: 1687292560705; exited: -; ]
~> TaskHandler[jobId: 13981253; id: 37; name: binarize_scores (5); status: RUNNING; exit: -; error: -; workDir: /g/strcombio/fsupek_data/users/malvarez/projects/RepDefSig/models/model_MMR_poster/2_signature_extraction_and_plotting/1_QC/trinuc_proportions_unmatched_feature_tracks/work/d0/ccfc67307268a5a4c5c89a35a42957 started: 1687292560708; exited: -; ]
~> TaskHandler[jobId: 13981254; id: 34; name: binarize_scores (2); status: RUNNING; exit: -; error: -; workDir: /g/strcombio/fsupek_data/users/malvarez/projects/RepDefSig/models/model_MMR_poster/2_signature_extraction_and_plotting/1_QC/trinuc_proportions_unmatched_feature_tracks/work/7d/db46085bf854601ef797ef7467ee7d started: 1687292560711; exited: -; ]
~> TaskHandler[jobId: 13981255; id: 35; name: binarize_scores (3); status: RUNNING; exit: -; error: -; workDir: /g/strcombio/fsupek_data/users/malvarez/projects/RepDefSig/models/model_MMR_poster/2_signature_extraction_and_plotting/1_QC/trinuc_proportions_unmatched_feature_tracks/work/30/12e8c30c85956042d9c22e8ce2dc41 started: 1687292535701; exited: -; ]
~> TaskHandler[jobId: 13981256; id: 38; name: binarize_scores (6); status: RUNNING; exit: -; error: -; workDir: /g/strcombio/fsupek_data/users/malvarez/projects/RepDefSig/models/model_MMR_poster/2_signature_extraction_and_plotting/1_QC/trinuc_proportions_unmatched_feature_tracks/work/86/59f7de133540b458dcef8d2a64fcf1 started: 1687292535704; exited: -; ]
.. remaining tasks omitted.
Jun-20 22:49:05.823 [Task monitor] DEBUG n.processor.TaskPollingMonitor - Task completed > TaskHandler[jobId: 13981252; id: 47; name: binarize_scores (15); status: COMPLETED; exit: 0; error: -; workDir: /g/strcombio/fsupek_data/users/malvarez/projects/RepDefSig/models/model_MMR_poster/2_signature_extraction_and_plotting/1_QC/trinuc_proportions_unmatched_feature_tracks/work/02/67477004f7407d0f3402e680946de1 started: 1687292560705; exited: 2023-06-20T20:48:41.9595Z; ]
Jun-20 22:51:50.760 [Task monitor] DEBUG n.processor.TaskPollingMonitor - !! executor slurm > tasks to be completed: 16 -- submitted tasks are shown below
~> TaskHandler[jobId: 13981244; id: 52; name: binarize_scores (20); status: RUNNING; exit: -; error: -; workDir: /g/strcombio/fsupek_data/users/malvarez/projects/RepDefSig/models/model_MMR_poster/2_signature_extraction_and_plotting/1_QC/trinuc_proportions_unmatched_feature_tracks/work/a2/86ed747abf1e1604c2d1acd3c228ed started: 1687292525699; exited: -; ]
~> TaskHandler[jobId: 13981245; id: 45; name: binarize_scores (13); status: RUNNING; exit: -; error: -; workDir: /g/strcombio/fsupek_data/users/malvarez/projects/RepDefSig/models/model_MMR_poster/2_signature_extraction_and_plotting/1_QC/trinuc_proportions_unmatched_feature_tracks/work/12/e3aa7e304223442c59a767022c6d24 started: 1687292525702; exited: -; ]
~> TaskHandler[jobId: 13981246; id: 48; name: binarize_scores (16); status: RUNNING; exit: -; error: -; workDir: /g/strcombio/fsupek_data/users/malvarez/projects/RepDefSig/models/model_MMR_poster/2_signature_extraction_and_plotting/1_QC/trinuc_proportions_unmatched_feature_tracks/work/a4/ed997f0962b5585885a71ebd892d57 started: 1687292525705; exited: -; ]
~> TaskHandler[jobId: 13981248; id: 46; name: binarize_scores (14); status: RUNNING; exit: -; error: -; workDir: /g/strcombio/fsupek_data/users/malvarez/projects/RepDefSig/models/model_MMR_poster/2_signature_extraction_and_plotting/1_QC/trinuc_proportions_unmatched_feature_tracks/work/d9/33460e92e38ffb66a61415e0b50bb8 started: 1687292525711; exited: -; ]
~> TaskHandler[jobId: 13981251; id: 43; name: binarize_scores (11); status: RUNNING; exit: -; error: -; workDir: /g/strcombio/fsupek_data/users/malvarez/projects/RepDefSig/models/model_MMR_poster/2_signature_extraction_and_plotting/1_QC/trinuc_proportions_unmatched_feature_tracks/work/81/4eb03a70c1534d4ee64b42268bccb1 started: 1687292530703; exited: -; ]
~> TaskHandler[jobId: 13981253; id: 37; name: binarize_scores (5); status: RUNNING; exit: -; error: -; workDir: /g/strcombio/fsupek_data/users/malvarez/projects/RepDefSig/models/model_MMR_poster/2_signature_extraction_and_plotting/1_QC/trinuc_proportions_unmatched_feature_tracks/work/d0/ccfc67307268a5a4c5c89a35a42957 started: 1687292560708; exited: -; ]
~> TaskHandler[jobId: 13981254; id: 34; name: binarize_scores (2); status: RUNNING; exit: -; error: -; workDir: /g/strcombio/fsupek_data/users/malvarez/projects/RepDefSig/models/model_MMR_poster/2_signature_extraction_and_plotting/1_QC/trinuc_proportions_unmatched_feature_tracks/work/7d/db46085bf854601ef797ef7467ee7d started: 1687292560711; exited: -; ]
~> TaskHandler[jobId: 13981255; id: 35; name: binarize_scores (3); status: RUNNING; exit: -; error: -; workDir: /g/strcombio/fsupek_data/users/malvarez/projects/RepDefSig/models/model_MMR_poster/2_signature_extraction_and_plotting/1_QC/trinuc_proportions_unmatched_feature_tracks/work/30/12e8c30c85956042d9c22e8ce2dc41 started: 1687292535701; exited: -; ]
~> TaskHandler[jobId: 13981256; id: 38; name: binarize_scores (6); status: RUNNING; exit: -; error: -; workDir: /g/strcombio/fsupek_data/users/malvarez/projects/RepDefSig/models/model_MMR_poster/2_signature_extraction_and_plotting/1_QC/trinuc_proportions_unmatched_feature_tracks/work/86/59f7de133540b458dcef8d2a64fcf1 started: 1687292535704; exited: -; ]
~> TaskHandler[jobId: 13981258; id: 41; name: binarize_scores (9); status: RUNNING; exit: -; error: -; workDir: /g/strcombio/fsupek_data/users/malvarez/projects/RepDefSig/models/model_MMR_poster/2_signature_extraction_and_plotting/1_QC/trinuc_proportions_unmatched_feature_tracks/work/ae/f455834d9ba60f83de03a3a378722b started: 1687292565706; exited: -; ]
.. remaining tasks omitted.
Jun-20 22:52:05.861 [Task monitor] DEBUG n.processor.TaskPollingMonitor - Task completed > TaskHandler[jobId: 13981254; id: 34; name: binarize_scores (2); status: COMPLETED; exit: 0; error: -; workDir: /g/strcombio/fsupek_data/users/malvarez/projects/RepDefSig/models/model_MMR_poster/2_signature_extraction_and_plotting/1_QC/trinuc_proportions_unmatched_feature_tracks/work/7d/db46085bf854601ef797ef7467ee7d started: 1687292560711; exited: 2023-06-20T20:51:35.127367Z; ]
Jun-20 22:54:10.781 [Task monitor] DEBUG n.processor.TaskPollingMonitor - Task completed > TaskHandler[jobId: 13981251; id: 43; name: binarize_scores (11); status: COMPLETED; exit: 0; error: -; workDir: /g/strcombio/fsupek_data/users/malvarez/projects/RepDefSig/models/model_MMR_poster/2_signature_extraction_and_plotting/1_QC/trinuc_proportions_unmatched_feature_tracks/work/81/4eb03a70c1534d4ee64b42268bccb1 started: 1687292530703; exited: 2023-06-20T20:53:43.606489Z; ]
Jun-20 22:56:05.864 [Task monitor] DEBUG n.processor.TaskPollingMonitor - Task completed > TaskHandler[jobId: 13981256; id: 38; name: binarize_scores (6); status: COMPLETED; exit: 0; error: -; workDir: /g/strcombio/fsupek_data/users/malvarez/projects/RepDefSig/models/model_MMR_poster/2_signature_extraction_and_plotting/1_QC/trinuc_proportions_unmatched_feature_tracks/work/86/59f7de133540b458dcef8d2a64fcf1 started: 1687292535704; exited: 2023-06-20T20:55:52.931557Z; ]
Jun-20 22:56:50.768 [Task monitor] DEBUG n.processor.TaskPollingMonitor - !! executor slurm > tasks to be completed: 13 -- submitted tasks are shown below
~> TaskHandler[jobId: 13981244; id: 52; name: binarize_scores (20); status: RUNNING; exit: -; error: -; workDir: /g/strcombio/fsupek_data/users/malvarez/projects/RepDefSig/models/model_MMR_poster/2_signature_extraction_and_plotting/1_QC/trinuc_proportions_unmatched_feature_tracks/work/a2/86ed747abf1e1604c2d1acd3c228ed started: 1687292525699; exited: -; ]
~> TaskHandler[jobId: 13981245; id: 45; name: binarize_scores (13); status: RUNNING; exit: -; error: -; workDir: /g/strcombio/fsupek_data/users/malvarez/projects/RepDefSig/models/model_MMR_poster/2_signature_extraction_and_plotting/1_QC/trinuc_proportions_unmatched_feature_tracks/work/12/e3aa7e304223442c59a767022c6d24 started: 1687292525702; exited: -; ]
~> TaskHandler[jobId: 13981246; id: 48; name: binarize_scores (16); status: RUNNING; exit: -; error: -; workDir: /g/strcombio/fsupek_data/users/malvarez/projects/RepDefSig/models/model_MMR_poster/2_signature_extraction_and_plotting/1_QC/trinuc_proportions_unmatched_feature_tracks/work/a4/ed997f0962b5585885a71ebd892d57 started: 1687292525705; exited: -; ]
~> TaskHandler[jobId: 13981248; id: 46; name: binarize_scores (14); status: RUNNING; exit: -; error: -; workDir: /g/strcombio/fsupek_data/users/malvarez/projects/RepDefSig/models/model_MMR_poster/2_signature_extraction_and_plotting/1_QC/trinuc_proportions_unmatched_feature_tracks/work/d9/33460e92e38ffb66a61415e0b50bb8 started: 1687292525711; exited: -; ]
~> TaskHandler[jobId: 13981253; id: 37; name: binarize_scores (5); status: RUNNING; exit: -; error: -; workDir: /g/strcombio/fsupek_data/users/malvarez/projects/RepDefSig/models/model_MMR_poster/2_signature_extraction_and_plotting/1_QC/trinuc_proportions_unmatched_feature_tracks/work/d0/ccfc67307268a5a4c5c89a35a42957 started: 1687292560708; exited: -; ]
~> TaskHandler[jobId: 13981255; id: 35; name: binarize_scores (3); status: RUNNING; exit: -; error: -; workDir: /g/strcombio/fsupek_data/users/malvarez/projects/RepDefSig/models/model_MMR_poster/2_signature_extraction_and_plotting/1_QC/trinuc_proportions_unmatched_feature_tracks/work/30/12e8c30c85956042d9c22e8ce2dc41 started: 1687292535701; exited: -; ]
~> TaskHandler[jobId: 13981258; id: 41; name: binarize_scores (9); status: RUNNING; exit: -; error: -; workDir: /g/strcombio/fsupek_data/users/malvarez/projects/RepDefSig/models/model_MMR_poster/2_signature_extraction_and_plotting/1_QC/trinuc_proportions_unmatched_feature_tracks/work/ae/f455834d9ba60f83de03a3a378722b started: 1687292565706; exited: -; ]
~> TaskHandler[jobId: 13981260; id: 40; name: binarize_scores (8); status: RUNNING; exit: -; error: -; workDir: /g/strcombio/fsupek_data/users/malvarez/projects/RepDefSig/models/model_MMR_poster/2_signature_extraction_and_plotting/1_QC/trinuc_proportions_unmatched_feature_tracks/work/87/52e0122e7d4f468014816394a30742 started: 1687292540703; exited: -; ]
~> TaskHandler[jobId: 13981262; id: 50; name: binarize_scores (18); status: RUNNING; exit: -; error: -; workDir: /g/strcombio/fsupek_data/users/malvarez/projects/RepDefSig/models/model_MMR_poster/2_signature_extraction_and_plotting/1_QC/trinuc_proportions_unmatched_feature_tracks/work/8b/5660f11fbc6db0864960b9b967a6c6 started: 1687292570707; exited: -; ]
~> TaskHandler[jobId: 13981263; id: 33; name: binarize_scores (1); status: RUNNING; exit: -; error: -; workDir: /g/strcombio/fsupek_data/users/malvarez/projects/RepDefSig/models/model_MMR_poster/2_signature_extraction_and_plotting/1_QC/trinuc_proportions_unmatched_feature_tracks/work/e4/9f611fd2bf905962c3ce37863e8275 started: 1687293060720; exited: -; ]
.. remaining tasks omitted.
Jun-20 22:59:40.780 [Task monitor] DEBUG n.processor.TaskPollingMonitor - Task completed > TaskHandler[jobId: 13981245; id: 45; name: binarize_scores (13); status: COMPLETED; exit: 0; error: -; workDir: /g/strcombio/fsupek_data/users/malvarez/projects/RepDefSig/models/model_MMR_poster/2_signature_extraction_and_plotting/1_QC/trinuc_proportions_unmatched_feature_tracks/work/12/e3aa7e304223442c59a767022c6d24 started: 1687292525702; exited: 2023-06-20T20:59:11.657353Z; ]
Jun-20 22:59:40.801 [Task monitor] DEBUG n.processor.TaskPollingMonitor - Task completed > TaskHandler[jobId: 13981263; id: 33; name: binarize_scores (1); status: COMPLETED; exit: 0; error: -; workDir: /g/strcombio/fsupek_data/users/malvarez/projects/RepDefSig/models/model_MMR_poster/2_signature_extraction_and_plotting/1_QC/trinuc_proportions_unmatched_feature_tracks/work/e4/9f611fd2bf905962c3ce37863e8275 started: 1687293060720; exited: 2023-06-20T20:59:27.227447Z; ]
Jun-20 23:00:10.800 [Task monitor] DEBUG n.processor.TaskPollingMonitor - Task completed > TaskHandler[jobId: 13981248; id: 46; name: binarize_scores (14); status: COMPLETED; exit: 0; error: -; workDir: /g/strcombio/fsupek_data/users/malvarez/projects/RepDefSig/models/model_MMR_poster/2_signature_extraction_and_plotting/1_QC/trinuc_proportions_unmatched_feature_tracks/work/d9/33460e92e38ffb66a61415e0b50bb8 started: 1687292525711; exited: 2023-06-20T20:59:39.559158Z; ]
Jun-20 23:01:45.789 [Task monitor] DEBUG n.processor.TaskPollingMonitor - Task completed > TaskHandler[jobId: 13981266; id: 53; name: binarize_scores (21); status: COMPLETED; exit: 0; error: -; workDir: /g/strcombio/fsupek_data/users/malvarez/projects/RepDefSig/models/model_MMR_poster/2_signature_extraction_and_plotting/1_QC/trinuc_proportions_unmatched_feature_tracks/work/0e/ebb6c8940bdc5c423e60009956249e started: 1687293595754; exited: 2023-06-20T21:01:36.298486Z; ]
Jun-20 23:01:50.784 [Task monitor] DEBUG n.processor.TaskPollingMonitor - !! executor slurm > tasks to be completed: 9 -- submitted tasks are shown below
~> TaskHandler[jobId: 13981244; id: 52; name: binarize_scores (20); status: RUNNING; exit: -; error: -; workDir: /g/strcombio/fsupek_data/users/malvarez/projects/RepDefSig/models/model_MMR_poster/2_signature_extraction_and_plotting/1_QC/trinuc_proportions_unmatched_feature_tracks/work/a2/86ed747abf1e1604c2d1acd3c228ed started: 1687292525699; exited: -; ]
~> TaskHandler[jobId: 13981246; id: 48; name: binarize_scores (16); status: RUNNING; exit: -; error: -; workDir: /g/strcombio/fsupek_data/users/malvarez/projects/RepDefSig/models/model_MMR_poster/2_signature_extraction_and_plotting/1_QC/trinuc_proportions_unmatched_feature_tracks/work/a4/ed997f0962b5585885a71ebd892d57 started: 1687292525705; exited: -; ]
~> TaskHandler[jobId: 13981253; id: 37; name: binarize_scores (5); status: RUNNING; exit: -; error: -; workDir: /g/strcombio/fsupek_data/users/malvarez/projects/RepDefSig/models/model_MMR_poster/2_signature_extraction_and_plotting/1_QC/trinuc_proportions_unmatched_feature_tracks/work/d0/ccfc67307268a5a4c5c89a35a42957 started: 1687292560708; exited: -; ]
~> TaskHandler[jobId: 13981255; id: 35; name: binarize_scores (3); status: RUNNING; exit: -; error: -; workDir: /g/strcombio/fsupek_data/users/malvarez/projects/RepDefSig/models/model_MMR_poster/2_signature_extraction_and_plotting/1_QC/trinuc_proportions_unmatched_feature_tracks/work/30/12e8c30c85956042d9c22e8ce2dc41 started: 1687292535701; exited: -; ]
~> TaskHandler[jobId: 13981258; id: 41; name: binarize_scores (9); status: RUNNING; exit: -; error: -; workDir: /g/strcombio/fsupek_data/users/malvarez/projects/RepDefSig/models/model_MMR_poster/2_signature_extraction_and_plotting/1_QC/trinuc_proportions_unmatched_feature_tracks/work/ae/f455834d9ba60f83de03a3a378722b started: 1687292565706; exited: -; ]
~> TaskHandler[jobId: 13981260; id: 40; name: binarize_scores (8); status: RUNNING; exit: -; error: -; workDir: /g/strcombio/fsupek_data/users/malvarez/projects/RepDefSig/models/model_MMR_poster/2_signature_extraction_and_plotting/1_QC/trinuc_proportions_unmatched_feature_tracks/work/87/52e0122e7d4f468014816394a30742 started: 1687292540703; exited: -; ]
~> TaskHandler[jobId: 13981262; id: 50; name: binarize_scores (18); status: RUNNING; exit: -; error: -; workDir: /g/strcombio/fsupek_data/users/malvarez/projects/RepDefSig/models/model_MMR_poster/2_signature_extraction_and_plotting/1_QC/trinuc_proportions_unmatched_feature_tracks/work/8b/5660f11fbc6db0864960b9b967a6c6 started: 1687292570707; exited: -; ]
~> TaskHandler[jobId: 13981264; id: 51; name: binarize_scores (19); status: RUNNING; exit: -; error: -; workDir: /g/strcombio/fsupek_data/users/malvarez/projects/RepDefSig/models/model_MMR_poster/2_signature_extraction_and_plotting/1_QC/trinuc_proportions_unmatched_feature_tracks/work/ac/5e0dc3de67f60a033a5d68e009a88b started: 1687293175740; exited: -; ]
~> TaskHandler[jobId: 13981265; id: 49; name: binarize_scores (17); status: RUNNING; exit: -; error: -; workDir: /g/strcombio/fsupek_data/users/malvarez/projects/RepDefSig/models/model_MMR_poster/2_signature_extraction_and_plotting/1_QC/trinuc_proportions_unmatched_feature_tracks/work/71/72d41513adc6a831538219a67dcd78 started: 1687293415750; exited: -; ]
Jun-20 23:05:10.899 [Task monitor] DEBUG n.processor.TaskPollingMonitor - Task completed > TaskHandler[jobId: 13981262; id: 50; name: binarize_scores (18); status: COMPLETED; exit: 0; error: -; workDir: /g/strcombio/fsupek_data/users/malvarez/projects/RepDefSig/models/model_MMR_poster/2_signature_extraction_and_plotting/1_QC/trinuc_proportions_unmatched_feature_tracks/work/8b/5660f11fbc6db0864960b9b967a6c6 started: 1687292570707; exited: 2023-06-20T21:04:37.228379Z; ]
Jun-20 23:06:45.796 [Task monitor] DEBUG n.processor.TaskPollingMonitor - Task completed > TaskHandler[jobId: 13981244; id: 52; name: binarize_scores (20); status: COMPLETED; exit: 0; error: -; workDir: /g/strcombio/fsupek_data/users/malvarez/projects/RepDefSig/models/model_MMR_poster/2_signature_extraction_and_plotting/1_QC/trinuc_proportions_unmatched_feature_tracks/work/a2/86ed747abf1e1604c2d1acd3c228ed started: 1687292525699; exited: 2023-06-20T21:06:41.580286Z; ]
Jun-20 23:06:50.794 [Task monitor] DEBUG n.processor.TaskPollingMonitor - !! executor slurm > tasks to be completed: 7 -- submitted tasks are shown below
~> TaskHandler[jobId: 13981246; id: 48; name: binarize_scores (16); status: RUNNING; exit: -; error: -; workDir: /g/strcombio/fsupek_data/users/malvarez/projects/RepDefSig/models/model_MMR_poster/2_signature_extraction_and_plotting/1_QC/trinuc_proportions_unmatched_feature_tracks/work/a4/ed997f0962b5585885a71ebd892d57 started: 1687292525705; exited: -; ]
~> TaskHandler[jobId: 13981253; id: 37; name: binarize_scores (5); status: RUNNING; exit: -; error: -; workDir: /g/strcombio/fsupek_data/users/malvarez/projects/RepDefSig/models/model_MMR_poster/2_signature_extraction_and_plotting/1_QC/trinuc_proportions_unmatched_feature_tracks/work/d0/ccfc67307268a5a4c5c89a35a42957 started: 1687292560708; exited: -; ]
~> TaskHandler[jobId: 13981255; id: 35; name: binarize_scores (3); status: RUNNING; exit: -; error: -; workDir: /g/strcombio/fsupek_data/users/malvarez/projects/RepDefSig/models/model_MMR_poster/2_signature_extraction_and_plotting/1_QC/trinuc_proportions_unmatched_feature_tracks/work/30/12e8c30c85956042d9c22e8ce2dc41 started: 1687292535701; exited: -; ]
~> TaskHandler[jobId: 13981258; id: 41; name: binarize_scores (9); status: RUNNING; exit: -; error: -; workDir: /g/strcombio/fsupek_data/users/malvarez/projects/RepDefSig/models/model_MMR_poster/2_signature_extraction_and_plotting/1_QC/trinuc_proportions_unmatched_feature_tracks/work/ae/f455834d9ba60f83de03a3a378722b started: 1687292565706; exited: -; ]
~> TaskHandler[jobId: 13981260; id: 40; name: binarize_scores (8); status: RUNNING; exit: -; error: -; workDir: /g/strcombio/fsupek_data/users/malvarez/projects/RepDefSig/models/model_MMR_poster/2_signature_extraction_and_plotting/1_QC/trinuc_proportions_unmatched_feature_tracks/work/87/52e0122e7d4f468014816394a30742 started: 1687292540703; exited: -; ]
~> TaskHandler[jobId: 13981264; id: 51; name: binarize_scores (19); status: RUNNING; exit: -; error: -; workDir: /g/strcombio/fsupek_data/users/malvarez/projects/RepDefSig/models/model_MMR_poster/2_signature_extraction_and_plotting/1_QC/trinuc_proportions_unmatched_feature_tracks/work/ac/5e0dc3de67f60a033a5d68e009a88b started: 1687293175740; exited: -; ]
~> TaskHandler[jobId: 13981265; id: 49; name: binarize_scores (17); status: RUNNING; exit: -; error: -; workDir: /g/strcombio/fsupek_data/users/malvarez/projects/RepDefSig/models/model_MMR_poster/2_signature_extraction_and_plotting/1_QC/trinuc_proportions_unmatched_feature_tracks/work/71/72d41513adc6a831538219a67dcd78 started: 1687293415750; exited: -; ]
Jun-20 23:08:50.802 [Task monitor] DEBUG n.processor.TaskPollingMonitor - Task completed > TaskHandler[jobId: 13981264; id: 51; name: binarize_scores (19); status: COMPLETED; exit: 0; error: -; workDir: /g/strcombio/fsupek_data/users/malvarez/projects/RepDefSig/models/model_MMR_poster/2_signature_extraction_and_plotting/1_QC/trinuc_proportions_unmatched_feature_tracks/work/ac/5e0dc3de67f60a033a5d68e009a88b started: 1687293175740; exited: 2023-06-20T21:08:43.906289Z; ]
Jun-20 23:09:10.894 [Task monitor] DEBUG n.processor.TaskPollingMonitor - Task completed > TaskHandler[jobId: 13981255; id: 35; name: binarize_scores (3); status: COMPLETED; exit: 0; error: -; workDir: /g/strcombio/fsupek_data/users/malvarez/projects/RepDefSig/models/model_MMR_poster/2_signature_extraction_and_plotting/1_QC/trinuc_proportions_unmatched_feature_tracks/work/30/12e8c30c85956042d9c22e8ce2dc41 started: 1687292535701; exited: 2023-06-20T21:08:31.814499Z; ]
Jun-20 23:11:50.807 [Task monitor] DEBUG n.processor.TaskPollingMonitor - !! executor slurm > tasks to be completed: 5 -- submitted tasks are shown below
~> TaskHandler[jobId: 13981246; id: 48; name: binarize_scores (16); status: RUNNING; exit: -; error: -; workDir: /g/strcombio/fsupek_data/users/malvarez/projects/RepDefSig/models/model_MMR_poster/2_signature_extraction_and_plotting/1_QC/trinuc_proportions_unmatched_feature_tracks/work/a4/ed997f0962b5585885a71ebd892d57 started: 1687292525705; exited: -; ]
~> TaskHandler[jobId: 13981253; id: 37; name: binarize_scores (5); status: RUNNING; exit: -; error: -; workDir: /g/strcombio/fsupek_data/users/malvarez/projects/RepDefSig/models/model_MMR_poster/2_signature_extraction_and_plotting/1_QC/trinuc_proportions_unmatched_feature_tracks/work/d0/ccfc67307268a5a4c5c89a35a42957 started: 1687292560708; exited: -; ]
~> TaskHandler[jobId: 13981258; id: 41; name: binarize_scores (9); status: RUNNING; exit: -; error: -; workDir: /g/strcombio/fsupek_data/users/malvarez/projects/RepDefSig/models/model_MMR_poster/2_signature_extraction_and_plotting/1_QC/trinuc_proportions_unmatched_feature_tracks/work/ae/f455834d9ba60f83de03a3a378722b started: 1687292565706; exited: -; ]
~> TaskHandler[jobId: 13981260; id: 40; name: binarize_scores (8); status: RUNNING; exit: -; error: -; workDir: /g/strcombio/fsupek_data/users/malvarez/projects/RepDefSig/models/model_MMR_poster/2_signature_extraction_and_plotting/1_QC/trinuc_proportions_unmatched_feature_tracks/work/87/52e0122e7d4f468014816394a30742 started: 1687292540703; exited: -; ]
~> TaskHandler[jobId: 13981265; id: 49; name: binarize_scores (17); status: RUNNING; exit: -; error: -; workDir: /g/strcombio/fsupek_data/users/malvarez/projects/RepDefSig/models/model_MMR_poster/2_signature_extraction_and_plotting/1_QC/trinuc_proportions_unmatched_feature_tracks/work/71/72d41513adc6a831538219a67dcd78 started: 1687293415750; exited: -; ]
Jun-20 23:16:50.821 [Task monitor] DEBUG n.processor.TaskPollingMonitor - !! executor slurm > tasks to be completed: 5 -- submitted tasks are shown below
~> TaskHandler[jobId: 13981246; id: 48; name: binarize_scores (16); status: RUNNING; exit: -; error: -; workDir: /g/strcombio/fsupek_data/users/malvarez/projects/RepDefSig/models/model_MMR_poster/2_signature_extraction_and_plotting/1_QC/trinuc_proportions_unmatched_feature_tracks/work/a4/ed997f0962b5585885a71ebd892d57 started: 1687292525705; exited: -; ]
~> TaskHandler[jobId: 13981253; id: 37; name: binarize_scores (5); status: RUNNING; exit: -; error: -; workDir: /g/strcombio/fsupek_data/users/malvarez/projects/RepDefSig/models/model_MMR_poster/2_signature_extraction_and_plotting/1_QC/trinuc_proportions_unmatched_feature_tracks/work/d0/ccfc67307268a5a4c5c89a35a42957 started: 1687292560708; exited: -; ]
~> TaskHandler[jobId: 13981258; id: 41; name: binarize_scores (9); status: RUNNING; exit: -; error: -; workDir: /g/strcombio/fsupek_data/users/malvarez/projects/RepDefSig/models/model_MMR_poster/2_signature_extraction_and_plotting/1_QC/trinuc_proportions_unmatched_feature_tracks/work/ae/f455834d9ba60f83de03a3a378722b started: 1687292565706; exited: -; ]
~> TaskHandler[jobId: 13981260; id: 40; name: binarize_scores (8); status: RUNNING; exit: -; error: -; workDir: /g/strcombio/fsupek_data/users/malvarez/projects/RepDefSig/models/model_MMR_poster/2_signature_extraction_and_plotting/1_QC/trinuc_proportions_unmatched_feature_tracks/work/87/52e0122e7d4f468014816394a30742 started: 1687292540703; exited: -; ]
~> TaskHandler[jobId: 13981265; id: 49; name: binarize_scores (17); status: RUNNING; exit: -; error: -; workDir: /g/strcombio/fsupek_data/users/malvarez/projects/RepDefSig/models/model_MMR_poster/2_signature_extraction_and_plotting/1_QC/trinuc_proportions_unmatched_feature_tracks/work/71/72d41513adc6a831538219a67dcd78 started: 1687293415750; exited: -; ]
Jun-20 23:18:25.829 [Task monitor] DEBUG n.processor.TaskPollingMonitor - Task completed > TaskHandler[jobId: 13981265; id: 49; name: binarize_scores (17); status: COMPLETED; exit: 0; error: -; workDir: /g/strcombio/fsupek_data/users/malvarez/projects/RepDefSig/models/model_MMR_poster/2_signature_extraction_and_plotting/1_QC/trinuc_proportions_unmatched_feature_tracks/work/71/72d41513adc6a831538219a67dcd78 started: 1687293415750; exited: 2023-06-20T21:18:15.914189Z; ]
Jun-20 23:20:15.900 [Task monitor] DEBUG n.processor.TaskPollingMonitor - Task completed > TaskHandler[jobId: 13981258; id: 41; name: binarize_scores (9); status: COMPLETED; exit: 0; error: -; workDir: /g/strcombio/fsupek_data/users/malvarez/projects/RepDefSig/models/model_MMR_poster/2_signature_extraction_and_plotting/1_QC/trinuc_proportions_unmatched_feature_tracks/work/ae/f455834d9ba60f83de03a3a378722b started: 1687292565706; exited: 2023-06-20T21:19:31.049078Z; ]
Jun-20 23:20:50.835 [Task monitor] DEBUG n.processor.TaskPollingMonitor - Task completed > TaskHandler[jobId: 13981246; id: 48; name: binarize_scores (16); status: COMPLETED; exit: 0; error: -; workDir: /g/strcombio/fsupek_data/users/malvarez/projects/RepDefSig/models/model_MMR_poster/2_signature_extraction_and_plotting/1_QC/trinuc_proportions_unmatched_feature_tracks/work/a4/ed997f0962b5585885a71ebd892d57 started: 1687292525705; exited: 2023-06-20T21:20:11.920047Z; ]
Jun-20 23:21:15.948 [Task monitor] DEBUG n.processor.TaskPollingMonitor - Task completed > TaskHandler[jobId: 13981253; id: 37; name: binarize_scores (5); status: COMPLETED; exit: 0; error: -; workDir: /g/strcombio/fsupek_data/users/malvarez/projects/RepDefSig/models/model_MMR_poster/2_signature_extraction_and_plotting/1_QC/trinuc_proportions_unmatched_feature_tracks/work/d0/ccfc67307268a5a4c5c89a35a42957 started: 1687292560708; exited: 2023-06-20T21:21:08.265098Z; ]
Jun-20 23:21:50.835 [Task monitor] DEBUG n.processor.TaskPollingMonitor - !! executor slurm > tasks to be completed: 1 -- submitted tasks are shown below
~> TaskHandler[jobId: 13981260; id: 40; name: binarize_scores (8); status: RUNNING; exit: -; error: -; workDir: /g/strcombio/fsupek_data/users/malvarez/projects/RepDefSig/models/model_MMR_poster/2_signature_extraction_and_plotting/1_QC/trinuc_proportions_unmatched_feature_tracks/work/87/52e0122e7d4f468014816394a30742 started: 1687292540703; exited: -; ]
Jun-20 23:26:50.845 [Task monitor] DEBUG n.processor.TaskPollingMonitor - !! executor slurm > tasks to be completed: 1 -- submitted tasks are shown below
~> TaskHandler[jobId: 13981260; id: 40; name: binarize_scores (8); status: RUNNING; exit: -; error: -; workDir: /g/strcombio/fsupek_data/users/malvarez/projects/RepDefSig/models/model_MMR_poster/2_signature_extraction_and_plotting/1_QC/trinuc_proportions_unmatched_feature_tracks/work/87/52e0122e7d4f468014816394a30742 started: 1687292540703; exited: -; ]
Jun-20 23:31:50.854 [Task monitor] DEBUG n.processor.TaskPollingMonitor - !! executor slurm > tasks to be completed: 1 -- submitted tasks are shown below
~> TaskHandler[jobId: 13981260; id: 40; name: binarize_scores (8); status: RUNNING; exit: -; error: -; workDir: /g/strcombio/fsupek_data/users/malvarez/projects/RepDefSig/models/model_MMR_poster/2_signature_extraction_and_plotting/1_QC/trinuc_proportions_unmatched_feature_tracks/work/87/52e0122e7d4f468014816394a30742 started: 1687292540703; exited: -; ]
Jun-20 23:36:50.866 [Task monitor] DEBUG n.processor.TaskPollingMonitor - !! executor slurm > tasks to be completed: 1 -- submitted tasks are shown below
~> TaskHandler[jobId: 13981260; id: 40; name: binarize_scores (8); status: RUNNING; exit: -; error: -; workDir: /g/strcombio/fsupek_data/users/malvarez/projects/RepDefSig/models/model_MMR_poster/2_signature_extraction_and_plotting/1_QC/trinuc_proportions_unmatched_feature_tracks/work/87/52e0122e7d4f468014816394a30742 started: 1687292540703; exited: -; ]
Jun-20 23:38:25.875 [Task monitor] DEBUG n.processor.TaskPollingMonitor - Task completed > TaskHandler[jobId: 13981260; id: 40; name: binarize_scores (8); status: COMPLETED; exit: 0; error: -; workDir: /g/strcombio/fsupek_data/users/malvarez/projects/RepDefSig/models/model_MMR_poster/2_signature_extraction_and_plotting/1_QC/trinuc_proportions_unmatched_feature_tracks/work/87/52e0122e7d4f468014816394a30742 started: 1687292540703; exited: 2023-06-20T21:38:14.987129Z; ]
Jun-20 23:38:26.071 [Task submitter] DEBUG nextflow.executor.GridTaskHandler - [SLURM] submitted process offset > jobId: 13981278; workDir: /g/strcombio/fsupek_data/users/malvarez/projects/RepDefSig/models/model_MMR_poster/2_signature_extraction_and_plotting/1_QC/trinuc_proportions_unmatched_feature_tracks/work/44/fa58769862ad66287ae04b99d7e108
Jun-20 23:38:26.071 [Task submitter] INFO  nextflow.Session - [44/fa5876] Submitted process > offset
Jun-20 23:39:05.873 [Task monitor] DEBUG n.processor.TaskPollingMonitor - Task completed > TaskHandler[jobId: 13981278; id: 56; name: offset; status: COMPLETED; exit: 0; error: -; workDir: /g/strcombio/fsupek_data/users/malvarez/projects/RepDefSig/models/model_MMR_poster/2_signature_extraction_and_plotting/1_QC/trinuc_proportions_unmatched_feature_tracks/work/44/fa58769862ad66287ae04b99d7e108 started: 1687297110871; exited: 2023-06-20T21:38:43.562389Z; ]
Jun-20 23:39:05.893 [Task monitor] DEBUG nextflow.util.ThreadPoolBuilder - Creating thread pool 'PublishDir' minSize=10; maxSize=216; workQueue=LinkedBlockingQueue[10000]; allowCoreThreadTimeout=false
Jun-20 23:39:05.895 [main] DEBUG nextflow.Session - Session await > all processes finished
Jun-20 23:39:05.897 [main] DEBUG nextflow.Session - Session await > all barriers passed
Jun-20 23:39:05.918 [main] DEBUG nextflow.util.ThreadPoolManager - Thread pool 'PublishDir' shutdown completed (hard=false)
Jun-20 23:39:05.926 [main] DEBUG nextflow.trace.WorkflowStatsObserver - Workflow completed > WorkflowStats[succeededCount=25; failedCount=1; ignoredCount=0; cachedCount=30; pendingCount=0; submittedCount=0; runningCount=0; retriesCount=1; abortedCount=0; succeedDuration=13h 26m 38s; failedDuration=4m 35s; cachedDuration=4h 2m 58s;loadCpus=0; loadMemory=0; peakRunning=20; peakCpus=20; peakMemory=1.6 TB; ]
Jun-20 23:39:05.926 [main] DEBUG nextflow.trace.TraceFileObserver - Workflow completed -- saving trace file
Jun-20 23:39:06.041 [main] DEBUG nextflow.cache.CacheDB - Closing CacheDB done
Jun-20 23:39:06.060 [main] DEBUG nextflow.util.ThreadPoolManager - Thread pool 'FileTransfer' shutdown completed (hard=false)
Jun-20 23:39:06.061 [main] DEBUG nextflow.script.ScriptRunner - > Execution complete -- Goodbye
