Failed to create bus connection: No such file or directory
-- Attaching packages --------------------------------------- tidyverse 1.3.2 --
v ggplot2 3.4.0      v purrr   0.3.5 
v tibble  3.1.8      v dplyr   1.0.10
v tidyr   1.2.1      v stringr 1.4.1 
v readr   2.1.3      v forcats 0.5.2 
-- Conflicts ------------------------------------------ tidyverse_conflicts() --
x dplyr::filter() masks stats::filter()
x dplyr::lag()    masks stats::lag()
Warning message:
In system("timedatectl", intern = TRUE) :
  running command 'timedatectl' had status 1
Loading required package: stats4
Loading required package: BiocGenerics

Attaching package: 'BiocGenerics'

The following objects are masked from 'package:dplyr':

    combine, intersect, setdiff, union

The following objects are masked from 'package:stats':

    IQR, mad, sd, var, xtabs

The following objects are masked from 'package:base':

    Filter, Find, Map, Position, Reduce, anyDuplicated, append,
    as.data.frame, basename, cbind, colnames, dirname, do.call,
    duplicated, eval, evalq, get, grep, grepl, intersect, is.unsorted,
    lapply, mapply, match, mget, order, paste, pmax, pmax.int, pmin,
    pmin.int, rank, rbind, rownames, sapply, setdiff, sort, table,
    tapply, union, unique, unsplit, which.max, which.min

Loading required package: S4Vectors

Attaching package: 'S4Vectors'

The following objects are masked from 'package:dplyr':

    first, rename

The following object is masked from 'package:tidyr':

    expand

The following objects are masked from 'package:base':

    I, expand.grid, unname

Loading required package: IRanges

Attaching package: 'IRanges'

The following objects are masked from 'package:dplyr':

    collapse, desc, slice

The following object is masked from 'package:purrr':

    reduce

Loading required package: GenomeInfoDb
Loading required package: BSgenome
Loading required package: Biostrings
Loading required package: XVector

Attaching package: 'XVector'

The following object is masked from 'package:purrr':

    compact


Attaching package: 'Biostrings'

The following object is masked from 'package:base':

    strsplit

Loading required package: rtracklayer

Attaching package: 'rlang'

The following objects are masked from 'package:purrr':

    %@%, as_function, flatten, flatten_chr, flatten_dbl, flatten_int,
    flatten_lgl, flatten_raw, invoke, splice


Attaching package: 'spgs'

The following objects are masked from 'package:Biostrings':

    complement, reverseComplement

[conflicted] Will prefer dplyr::filter over any other package
[conflicted] Will prefer dplyr::rename over any other package
[conflicted] Will prefer dplyr::select over any other package
[conflicted] Will prefer dplyr::slice over any other package
[conflicted] Will prefer purrr::map over any other package
[conflicted] Will prefer magrittr::extract over any other package
[conflicted] Will prefer IRanges::reduce over any other package
Rows: 0 Columns: 2
-- Column specification --------------------------------------------------------
Delimiter: ","
chr (2): name, path

i Use `spec()` to retrieve the full column specification for this data.
i Specify the column types or set `show_col_types = FALSE` to quiet this message.
Rows: 13867194 Columns: 13
-- Column specification --------------------------------------------------------
Delimiter: "\t"
chr (7): seqnames, strand, RepliSeq, H3K36me3, RnaSeq, DHS, exons
dbl (6): start, end, width, SETD2, MSH6, H3K36me2

i Use `spec()` to retrieve the full column specification for this data.
i Specify the column types or set `show_col_types = FALSE` to quiet this message.
Rows: 8 Columns: 2
-- Column specification --------------------------------------------------------
Delimiter: "\t"
chr (2): dnarep_mark, median_score

i Use `spec()` to retrieve the full column specification for this data.
i Specify the column types or set `show_col_types = FALSE` to quiet this message.
           used  (Mb) gc trigger   (Mb)  max used   (Mb)
Ncells  8329727 444.9   66381904 3545.2  63819599 3408.4
Vcells 50256250 383.5  741557477 5657.7 922478516 7038.0
           used  (Mb) gc trigger   (Mb)  max used   (Mb)
Ncells  8348885 445.9   53105524 2836.2  66381904 3545.2
Vcells 45805017 349.5  593245982 4526.2 922478516 7038.0
`summarise()` has grouped output by 'id'. You can override using the `.groups` argument.
           used  (Mb) gc trigger   (Mb)   max used   (Mb)
Ncells  8378182 447.5   27190040 1452.2   66381904 3545.2
Vcells 76883314 586.6  958518372 7313.0 1197279918 9134.6
           used  (Mb) gc trigger   (Mb)   max used   (Mb)
Ncells  8385119 447.9   27190040 1452.2   66381904 3545.2
Vcells 22648965 172.8  766814698 5850.4 1197279918 9134.6
