Failed to create bus connection: No such file or directory
-- Attaching packages --------------------------------------- tidyverse 1.3.2 --
v ggplot2 3.4.0      v purrr   0.3.5 
v tibble  3.1.8      v dplyr   1.0.10
v tidyr   1.2.1      v stringr 1.4.1 
v readr   2.1.3      v forcats 0.5.2 
-- Conflicts ------------------------------------------ tidyverse_conflicts() --
x dplyr::filter() masks stats::filter()
x dplyr::lag()    masks stats::lag()
Warning message:
In system("timedatectl", intern = TRUE) :
  running command 'timedatectl' had status 1
Loading required package: stats4
Loading required package: BiocGenerics

Attaching package: 'BiocGenerics'

The following objects are masked from 'package:dplyr':

    combine, intersect, setdiff, union

The following objects are masked from 'package:stats':

    IQR, mad, sd, var, xtabs

The following objects are masked from 'package:base':

    Filter, Find, Map, Position, Reduce, anyDuplicated, append,
    as.data.frame, basename, cbind, colnames, dirname, do.call,
    duplicated, eval, evalq, get, grep, grepl, intersect, is.unsorted,
    lapply, mapply, match, mget, order, paste, pmax, pmax.int, pmin,
    pmin.int, rank, rbind, rownames, sapply, setdiff, sort, table,
    tapply, union, unique, unsplit, which.max, which.min

Loading required package: S4Vectors

Attaching package: 'S4Vectors'

The following objects are masked from 'package:dplyr':

    first, rename

The following object is masked from 'package:tidyr':

    expand

The following objects are masked from 'package:base':

    I, expand.grid, unname

Loading required package: IRanges

Attaching package: 'IRanges'

The following objects are masked from 'package:dplyr':

    collapse, desc, slice

The following object is masked from 'package:purrr':

    reduce

Loading required package: GenomeInfoDb
Loading required package: BSgenome
Loading required package: Biostrings
Loading required package: XVector

Attaching package: 'XVector'

The following object is masked from 'package:purrr':

    compact


Attaching package: 'Biostrings'

The following object is masked from 'package:base':

    strsplit

Loading required package: rtracklayer

Attaching package: 'rlang'

The following objects are masked from 'package:purrr':

    %@%, as_function, flatten, flatten_chr, flatten_dbl, flatten_int,
    flatten_lgl, flatten_raw, invoke, splice


Attaching package: 'spgs'

The following objects are masked from 'package:Biostrings':

    complement, reverseComplement

[conflicted] Will prefer dplyr::filter over any other package
[conflicted] Will prefer dplyr::rename over any other package
[conflicted] Will prefer dplyr::select over any other package
[conflicted] Will prefer dplyr::slice over any other package
[conflicted] Will prefer purrr::map over any other package
[conflicted] Will prefer magrittr::extract over any other package
[conflicted] Will prefer IRanges::reduce over any other package
Rows: 0 Columns: 2
-- Column specification --------------------------------------------------------
Delimiter: ","
chr (2): name, path

i Use `spec()` to retrieve the full column specification for this data.
i Specify the column types or set `show_col_types = FALSE` to quiet this message.
Rows: 16232138 Columns: 13
-- Column specification --------------------------------------------------------
Delimiter: "\t"
chr (7): seqnames, strand, RepliSeq, H3K36me3, RnaSeq, DHS, exons
dbl (6): start, end, width, SETD2, MSH6, H3K36me2

i Use `spec()` to retrieve the full column specification for this data.
i Specify the column types or set `show_col_types = FALSE` to quiet this message.
Rows: 7 Columns: 2
-- Column specification --------------------------------------------------------
Delimiter: "\t"
chr (2): dnarep_mark, median_score

i Use `spec()` to retrieve the full column specification for this data.
i Specify the column types or set `show_col_types = FALSE` to quiet this message.
Error in `[.data.table`(copy(`_DT2`), , `:=`(SETD2 = (function (x)  : 
  RHS of assignment to existing column 'H3K36me2' is zero length but not NULL. If you intend to delete the column use NULL. Otherwise, the RHS must have length > 0; e.g., NA_integer_. If you are trying to change the column type to be an empty list column then, as with all column type changes, provide a full length RHS vector such as vector('list',nrow(DT)); i.e., 'plonk' in the new column.
Calls: %>% ... as_tibble -> dt_eval -> eval_tidy -> [ -> [.data.table
Execution halted
