Failed to create bus connection: No such file or directory
-- Attaching packages --------------------------------------- tidyverse 1.3.2 --
v ggplot2 3.4.0      v purrr   0.3.5 
v tibble  3.1.8      v dplyr   1.0.10
v tidyr   1.2.1      v stringr 1.4.1 
v readr   2.1.3      v forcats 0.5.2 
-- Conflicts ------------------------------------------ tidyverse_conflicts() --
x dplyr::filter() masks stats::filter()
x dplyr::lag()    masks stats::lag()
Warning message:
In system("timedatectl", intern = TRUE) :
  running command 'timedatectl' had status 1
Loading required package: stats4
Loading required package: BiocGenerics

Attaching package: 'BiocGenerics'

The following objects are masked from 'package:dplyr':

    combine, intersect, setdiff, union

The following objects are masked from 'package:stats':

    IQR, mad, sd, var, xtabs

The following objects are masked from 'package:base':

    Filter, Find, Map, Position, Reduce, anyDuplicated, append,
    as.data.frame, basename, cbind, colnames, dirname, do.call,
    duplicated, eval, evalq, get, grep, grepl, intersect, is.unsorted,
    lapply, mapply, match, mget, order, paste, pmax, pmax.int, pmin,
    pmin.int, rank, rbind, rownames, sapply, setdiff, sort, table,
    tapply, union, unique, unsplit, which.max, which.min

Loading required package: S4Vectors

Attaching package: 'S4Vectors'

The following objects are masked from 'package:dplyr':

    first, rename

The following object is masked from 'package:tidyr':

    expand

The following objects are masked from 'package:base':

    I, expand.grid, unname

Loading required package: IRanges

Attaching package: 'IRanges'

The following objects are masked from 'package:dplyr':

    collapse, desc, slice

The following object is masked from 'package:purrr':

    reduce

Loading required package: GenomeInfoDb

Attaching package: 'valr'

The following object is masked from 'package:rtracklayer':

    values

The following object is masked from 'package:GenomicRanges':

    values

The following object is masked from 'package:S4Vectors':

    values

[conflicted] Will prefer dplyr::filter over any other package
[conflicted] Will prefer dplyr::rename over any other package
[conflicted] Will prefer dplyr::select over any other package
[conflicted] Will prefer dplyr::slice over any other package
[conflicted] Will prefer purrr::map over any other package
[conflicted] Will prefer magrittr::extract over any other package
[conflicted] Will prefer IRanges::reduce over any other package
[conflicted] Removing existing preference
[conflicted] Will prefer dplyr::filter over any other package
[conflicted] Removing existing preference
[conflicted] Will prefer dplyr::rename over any other package
[conflicted] Will prefer dplyr::lag over any other package
[conflicted] Will prefer dplyr::between over any other package
[conflicted] Removing existing preference
[conflicted] Will prefer dplyr::select over any other package
[conflicted] Removing existing preference
[conflicted] Will prefer dplyr::slice over any other package
[conflicted] Removing existing preference
[conflicted] Will prefer purrr::map over any other package
[conflicted] Removing existing preference
[conflicted] Will prefer magrittr::extract over any other package
[conflicted] Removing existing preference
[conflicted] Will prefer IRanges::reduce over any other package
[conflicted] Will prefer dplyr::desc over any other package
[conflicted] Will prefer spgs::reverseComplement over any other package
Rows: 8 Columns: 2
-- Column specification --------------------------------------------------------
Delimiter: ","
chr (2): name, path

i Use `spec()` to retrieve the full column specification for this data.
i Specify the column types or set `show_col_types = FALSE` to quiet this message.
Rows: 0 Columns: 2
-- Column specification --------------------------------------------------------
Delimiter: ","
chr (2): name, path

i Use `spec()` to retrieve the full column specification for this data.
i Specify the column types or set `show_col_types = FALSE` to quiet this message.
MODE: NOT removing bp from both sides of range gaps
Rows: 1719 Columns: 6
-- Column specification --------------------------------------------------------
Delimiter: "\t"
chr (3): seqnames, strand, RepliSeq
dbl (3): start, end, width

i Use `spec()` to retrieve the full column specification for this data.
i Specify the column types or set `show_col_types = FALSE` to quiet this message.
Rows: 1451762 Columns: 6
-- Column specification --------------------------------------------------------
Delimiter: "\t"
chr (3): seqnames, strand, H3K36me3
dbl (3): start, end, width

i Use `spec()` to retrieve the full column specification for this data.
i Specify the column types or set `show_col_types = FALSE` to quiet this message.
Rows: 180973 Columns: 6
-- Column specification --------------------------------------------------------
Delimiter: "\t"
chr (3): seqnames, strand, RnaSeq.txnStrandCorrected
dbl (3): start, end, width

i Use `spec()` to retrieve the full column specification for this data.
i Specify the column types or set `show_col_types = FALSE` to quiet this message.
Rows: 4422893 Columns: 6
-- Column specification --------------------------------------------------------
Delimiter: "\t"
chr (3): seqnames, strand, DNase
dbl (3): start, end, width

i Use `spec()` to retrieve the full column specification for this data.
i Specify the column types or set `show_col_types = FALSE` to quiet this message.
Warning messages:
1: In seqinfo(ranges) :
  /g/strcombio/fsupek_cancer3/malvarez/chromatin_info/replication_time/fran_pooled_bins_replication_time/fran_legacy_parsed/RepliSeq_pooled8_merged_1-3_vs_4-6.bed is not a big wig file
2: In seqinfo(ranges) :
  /g/strcombio/fsupek_cancer3/malvarez/chromatin_info/histone_methylation_and_DHS/roadmap/fran_legacy_parsed/inputBeds_pooled8_merged_2bins/H3K36me3_pooled8_merged_2bins.bed is not a big wig file
3: In seqinfo(ranges) :
  /g/strcombio/fsupek_cancer3/malvarez/chromatin_info/rna_seq/bins_histone_marks_rnaseq_pooled_fran/fran_legacy_parsed/RnaSeq-txnStrandCorrected_pooled8_merged_2bins.bed is not a big wig file
4: In seqinfo(ranges) :
  /g/strcombio/fsupek_cancer3/malvarez/chromatin_info/histone_methylation_and_DHS/roadmap/fran_legacy_parsed/inputBeds_pooled8_merged_2bins/DNase_pooled8_merged_2bins.bed is not a big wig file
5: In seqinfo(ranges) :
  /g/strcombio/fsupek_cancer3/malvarez/chromatin_info/exon_positions/get_exons/lifted_hg19_chr_exons_vs_bgGenome.bed.gz is not a big wig file
6: In seqinfo(ranges) :
  /g/strcombio/fsupek_cancer3/malvarez/chromatin_info/DNA_repair__protein_binding/DNA_repair/MMR/MSH6_SETD2_H3K36me3_guominli/2_fold_enrichment_vs_input/bedgraphs_fold_enrich/SRR13314134_sorted_FE.bdg is not a big wig file
7: In seqinfo(ranges) :
  /g/strcombio/fsupek_cancer3/malvarez/chromatin_info/DNA_repair__protein_binding/DNA_repair/MMR/MSH6_SETD2_H3K36me3_guominli/2_fold_enrichment_vs_input/bedgraphs_fold_enrich/SRR13314132_sorted_FE.bdg is not a big wig file
8: In seqinfo(ranges) :
  /g/strcombio/fsupek_cancer3/malvarez/chromatin_info/histone_methylation_and_DHS/H3K36me2/pooled_samples/pooled_all/collapse_ranges/H3K36me2_pooled_GSE118954-149670-175750.all_chr.collapsed_ranges.bed.gz is not a big wig file
MODE: NOT removing bp from both sides of range gaps
WARNING: There are no chromatin features (e.g. RepliSeq); continuing just with dnarep_marks...
Warning messages:
1: Factors are not allowed for grouping: chrom will be treated as characters 
2: Factors are not allowed for grouping: chrom will be treated as characters 
3: Factors are not allowed for grouping: chrom will be treated as characters 
4: Factors are not allowed for grouping: chrom will be treated as characters 
5: Factors are not allowed for grouping: chrom will be treated as characters 
6: Factors are not allowed for grouping: chrom will be treated as characters 
7: Factors are not allowed for grouping: chrom will be treated as characters 
8: Factors are not allowed for grouping: chrom will be treated as characters 
            used   (Mb) gc trigger   (Mb)   max used    (Mb)
Ncells   7796324  416.4   15881055  848.2   15881055   848.2
Vcells 163515557 1247.6  387132746 2953.6 1951296942 14887.3
            used   (Mb) gc trigger   (Mb)   max used    (Mb)
Ncells   7797529  416.5   15881055  848.2   15881055   848.2
Vcells 163517804 1247.6  387132746 2953.6 1951296942 14887.3
