Failed to create bus connection: No such file or directory
-- Attaching packages --------------------------------------- tidyverse 1.3.2 --
v ggplot2 3.4.0      v purrr   0.3.5 
v tibble  3.1.8      v dplyr   1.0.10
v tidyr   1.2.1      v stringr 1.4.1 
v readr   2.1.3      v forcats 0.5.2 
-- Conflicts ------------------------------------------ tidyverse_conflicts() --
x dplyr::filter() masks stats::filter()
x dplyr::lag()    masks stats::lag()
Warning message:
In system("timedatectl", intern = TRUE) :
  running command 'timedatectl' had status 1
Loading required package: stats4
Loading required package: BiocGenerics

Attaching package: 'BiocGenerics'

The following objects are masked from 'package:dplyr':

    combine, intersect, setdiff, union

The following objects are masked from 'package:stats':

    IQR, mad, sd, var, xtabs

The following objects are masked from 'package:base':

    Filter, Find, Map, Position, Reduce, anyDuplicated, append,
    as.data.frame, basename, cbind, colnames, dirname, do.call,
    duplicated, eval, evalq, get, grep, grepl, intersect, is.unsorted,
    lapply, mapply, match, mget, order, paste, pmax, pmax.int, pmin,
    pmin.int, rank, rbind, rownames, sapply, setdiff, sort, table,
    tapply, union, unique, unsplit, which.max, which.min

Loading required package: S4Vectors

Attaching package: 'S4Vectors'

The following objects are masked from 'package:dplyr':

    first, rename

The following object is masked from 'package:tidyr':

    expand

The following objects are masked from 'package:base':

    I, expand.grid, unname

Loading required package: IRanges

Attaching package: 'IRanges'

The following objects are masked from 'package:dplyr':

    collapse, desc, slice

The following object is masked from 'package:purrr':

    reduce

Loading required package: GenomeInfoDb
[conflicted] Will prefer dplyr::filter over any other package
[conflicted] Will prefer dplyr::rename over any other package
[conflicted] Will prefer dplyr::select over any other package
[conflicted] Will prefer purrr::map over any other package
[conflicted] Will prefer magrittr::extract over any other package
[conflicted] Will prefer IRanges::reduce over any other package
/g/strcombio/fsupek_data/users/malvarez/projects/RepDefSig/models/model_MMR_poster/2_signature_extraction_and_plotting/1_QC/trinuc_proportions_unmatched_feature_tracks/work/b0/4993ef34651c5a23f91982bc5db8c6/.command.sh: line 17: 60033 Killed                  Rscript /g/strcombio/fsupek_data/users/malvarez/projects/RepDefSig/models/model_MMR_poster/2_signature_extraction_and_plotting/1_QC/trinuc_proportions_unmatched_feature_tracks/bin/1_list_medians_scores.R H3K36me2 /g/strcombio/fsupek_cancer3/malvarez/chromatin_info/histone_methylation_and_DHS/H3K36me2/pooled_samples/pooled_all/collapse_ranges/H3K36me2_pooled_GSE118954-149670-175750.all_chr.collapsed_ranges.bed.gz
slurmstepd: error: Detected 1 oom-kill event(s) in step 13981205.batch cgroup.
